"../../../Engine/Content/Functions/Engine_MaterialFunctions01/Shading/PowerToRoughness.uasset" 0
"../../../Engine/Content/Functions/Engine_MaterialFunctions01/Shading/PowerToRoughness.uexp" 1
"../../../Engine/Content/Functions/Engine_MaterialFunctions01/Shading/ConvertFromDiffSpec.uasset" 2
"../../../Engine/Content/Functions/Engine_MaterialFunctions01/Shading/ConvertFromDiffSpec.uexp" 3
"../../../Engine/Content/EngineSounds/Master.uasset" 4
"../../../Engine/Content/EngineSounds/Master.uexp" 5
"../../../Engine/Content/EngineSky/T_Sky_Stars.ubulk" 6
"../../../Engine/Content/EngineSky/T_Sky_Stars.uasset" 7
"../../../Engine/Content/EngineSky/T_Sky_Stars.uexp" 8
"../../../Engine/Content/EngineSky/T_Sky_Clouds_M.ubulk" 9
"../../../Engine/Content/EngineSky/T_Sky_Clouds_M.uasset" 10
"../../../Engine/Content/EngineSky/T_Sky_Clouds_M.uexp" 11
"../../../Engine/Content/EngineSky/T_Sky_Blue.ubulk" 12
"../../../Engine/Content/EngineSky/T_Sky_Blue.uasset" 13
"../../../Engine/Content/EngineSky/T_Sky_Blue.uexp" 14
"../../../Engine/Content/EngineSky/M_Sky_Panning_Clouds2.uasset" 15
"../../../Engine/Content/EngineSky/M_Sky_Panning_Clouds2.uexp" 16
"../../../Engine/Content/EngineSky/SM_SkySphere.ubulk" 17
"../../../Engine/Content/EngineSky/SM_SkySphere.uasset" 18
"../../../Engine/Content/EngineSky/SM_SkySphere.uexp" 19
"../../../Engine/Content/EngineSky/M_SimpleSkyDome.uasset" 20
"../../../Engine/Content/EngineSky/M_SimpleSkyDome.uexp" 21
"../../../Engine/Content/EngineSky/VolumetricClouds/CloudWeatherTexture.uasset" 22
"../../../Engine/Content/EngineSky/VolumetricClouds/CloudWeatherTexture.uexp" 23
"../../../Engine/Content/Functions/Engine_MaterialFunctions02/Utility/MakeFloat2.uasset" 24
"../../../Engine/Content/Functions/Engine_MaterialFunctions02/Utility/MakeFloat2.uexp" 25
"../../../Engine/Content/EngineSky/VolumetricClouds/CloudGradientTexture.uasset" 26
"../../../Engine/Content/EngineSky/VolumetricClouds/CloudGradientTexture.uexp" 27
"../../../Engine/Content/EngineSky/VolumetricClouds/T_NoiseShape64.ubulk" 28
"../../../Engine/Content/EngineSky/VolumetricClouds/T_NoiseShape64.uasset" 29
"../../../Engine/Content/EngineSky/VolumetricClouds/T_NoiseShape64.uexp" 30
"../../../Engine/Content/EngineSky/VolumetricClouds/T_VolumeNoiseShape64.uasset" 31
"../../../Engine/Content/EngineSky/VolumetricClouds/T_VolumeNoiseShape64.uexp" 32
"../../../Engine/Content/EngineSky/VolumetricClouds/T_NoiseErosion.ubulk" 33
"../../../Engine/Content/EngineSky/VolumetricClouds/T_NoiseErosion.uasset" 34
"../../../Engine/Content/EngineSky/VolumetricClouds/T_NoiseErosion.uexp" 35
"../../../Engine/Content/EngineSky/VolumetricClouds/T_VolumeNoiseErosion32.uasset" 36
"../../../Engine/Content/EngineSky/VolumetricClouds/T_VolumeNoiseErosion32.uexp" 37
"../../../Engine/Content/EngineSky/VolumetricClouds/m_SimpleVolumetricCloud.uasset" 38
"../../../Engine/Content/EngineSky/VolumetricClouds/m_SimpleVolumetricCloud.uexp" 39
"../../../Engine/Content/EngineSky/VolumetricClouds/m_SimpleVolumetricCloud_Inst.uasset" 40
"../../../Engine/Content/EngineSky/VolumetricClouds/m_SimpleVolumetricCloud_Inst.uexp" 41
"../../../Engine/Content/EngineResources/GradientTexture0.uasset" 42
"../../../Engine/Content/EngineResources/GradientTexture0.uexp" 43
"../../../Engine/Content/EngineResources/DefaultVolumeTexture2D.uasset" 44
"../../../Engine/Content/EngineResources/DefaultVolumeTexture2D.uexp" 45
"../../../Engine/Content/EngineResources/DefaultVolumeTexture.uasset" 46
"../../../Engine/Content/EngineResources/DefaultVolumeTexture.uexp" 47
"../../../Engine/Content/EngineResources/DefaultTextureCube.uasset" 48
"../../../Engine/Content/EngineResources/DefaultTextureCube.uexp" 49
"../../../Engine/Content/EngineResources/DefaultTexture.ubulk" 50
"../../../Engine/Content/EngineResources/DefaultTexture.uasset" 51
"../../../Engine/Content/EngineResources/DefaultTexture.uexp" 52
"../../../Engine/Content/EngineResources/Black.uasset" 53
"../../../Engine/Content/EngineResources/Black.uexp" 54
"../../../Engine/Content/EngineResources/FilmGrains/Marcie_Grain_v3_128_M2_000.uasset" 55
"../../../Engine/Content/EngineResources/FilmGrains/Marcie_Grain_v3_128_M2_000.uexp" 56
"../../../Engine/Content/EngineMeshes/Sphere.ubulk" 57
"../../../Engine/Content/EngineMeshes/Sphere.uasset" 58
"../../../Engine/Content/EngineMeshes/Sphere.uexp" 59
"../../../Engine/Content/EngineResources/WhiteSquareTexture.uasset" 60
"../../../Engine/Content/EngineResources/WhiteSquareTexture.uexp" 61
"../../../Engine/Content/EngineMaterials/Widget3DPassThrough.uasset" 62
"../../../Engine/Content/EngineMaterials/Widget3DPassThrough.uexp" 63
"../../../Engine/Content/EngineMaterials/Widget3DPassThrough_Translucent.uasset" 64
"../../../Engine/Content/EngineMaterials/Widget3DPassThrough_Translucent.uexp" 65
"../../../Engine/Content/EngineMaterials/Widget3DPassThrough_Translucent_OneSided.uasset" 66
"../../../Engine/Content/EngineMaterials/Widget3DPassThrough_Translucent_OneSided.uexp" 67
"../../../Engine/Content/EngineMaterials/Widget3DPassThrough_Opaque.uasset" 68
"../../../Engine/Content/EngineMaterials/Widget3DPassThrough_Opaque.uexp" 69
"../../../Engine/Content/EngineMaterials/Widget3DPassThrough_Opaque_OneSided.uasset" 70
"../../../Engine/Content/EngineMaterials/Widget3DPassThrough_Opaque_OneSided.uexp" 71
"../../../Engine/Content/EngineMaterials/Widget3DPassThrough_Masked_OneSided.uasset" 72
"../../../Engine/Content/EngineMaterials/Widget3DPassThrough_Masked_OneSided.uexp" 73
"../../../Engine/Content/EngineMaterials/Widget3DPassThrough_Masked.uasset" 74
"../../../Engine/Content/EngineMaterials/Widget3DPassThrough_Masked.uexp" 75
"../../../Engine/Content/EngineMaterials/WeightMapPlaceholderTexture.uasset" 76
"../../../Engine/Content/EngineMaterials/WeightMapPlaceholderTexture.uexp" 77
"../../../Engine/Content/EngineMaterials/RemoveSurfaceMaterial.uasset" 78
"../../../Engine/Content/EngineMaterials/RemoveSurfaceMaterial.uexp" 79
"../../../Engine/Content/EngineMaterials/PreintegratedSkinBRDF.uasset" 80
"../../../Engine/Content/EngineMaterials/PreintegratedSkinBRDF.uexp" 81
"../../../Engine/Content/EngineMaterials/DefaultCalibrationGrayscale.uasset" 82
"../../../Engine/Content/EngineMaterials/DefaultCalibrationGrayscale.uexp" 83
"../../../Engine/Content/EngineMaterials/PPM_DefaultCalibrationGrayscale.uasset" 84
"../../../Engine/Content/EngineMaterials/PPM_DefaultCalibrationGrayscale.uexp" 85
"../../../Engine/Content/EngineMaterials/DefaultCalibrationColor.uasset" 86
"../../../Engine/Content/EngineMaterials/DefaultCalibrationColor.uexp" 87
"../../../Engine/Content/EngineMaterials/PPM_DefaultCalibrationColor.uasset" 88
"../../../Engine/Content/EngineMaterials/PPM_DefaultCalibrationColor.uexp" 89
"../../../Engine/Content/Functions/Engine_MaterialFunctions02/WorldPositionOffset/CameraOffset.uasset" 90
"../../../Engine/Content/Functions/Engine_MaterialFunctions02/WorldPositionOffset/CameraOffset.uexp" 91
"../../../Engine/Content/EngineMaterials/PhAT_JointLimitMaterial.uasset" 92
"../../../Engine/Content/EngineMaterials/PhAT_JointLimitMaterial.uexp" 93
"../../../Engine/Content/EngineMaterials/InvalidLightmapSettings.ubulk" 94
"../../../Engine/Content/EngineMaterials/InvalidLightmapSettings.uasset" 95
"../../../Engine/Content/EngineMaterials/InvalidLightmapSettings.uexp" 96
"../../../Engine/Content/EngineMaterials/M_InvalidLightmapSettings.uasset" 97
"../../../Engine/Content/EngineMaterials/M_InvalidLightmapSettings.uexp" 98
"../../../Engine/Content/EngineMaterials/MiniFont.uasset" 99
"../../../Engine/Content/EngineMaterials/MiniFont.uexp" 100
"../../../Engine/Content/EngineMaterials/Good64x64TilingNoiseHighFreq.uasset" 101
"../../../Engine/Content/EngineMaterials/Good64x64TilingNoiseHighFreq.uexp" 102
"../../../Engine/Content/EngineMaterials/GizmoMaterial.uasset" 103
"../../../Engine/Content/EngineMaterials/GizmoMaterial.uexp" 104
"../../../Engine/Content/EngineMaterials/BaseFlattenEmissiveMap_VT.uasset" 105
"../../../Engine/Content/EngineMaterials/BaseFlattenEmissiveMap_VT.uexp" 106
"../../../Engine/Content/EngineMaterials/BaseFlattenGrayscaleMap_VT.uasset" 107
"../../../Engine/Content/EngineMaterials/BaseFlattenGrayscaleMap_VT.uexp" 108
"../../../Engine/Content/EngineMaterials/BaseFlattenLinearColor_VT.uasset" 109
"../../../Engine/Content/EngineMaterials/BaseFlattenLinearColor_VT.uexp" 110
"../../../Engine/Content/EngineMaterials/Black_1x1_EXR_Texture_VT.uasset" 111
"../../../Engine/Content/EngineMaterials/Black_1x1_EXR_Texture_VT.uexp" 112
"../../../Engine/Content/EngineMaterials/BaseFlattenDiffuseMap_VT.uasset" 113
"../../../Engine/Content/EngineMaterials/BaseFlattenDiffuseMap_VT.uexp" 114
"../../../Engine/Content/EngineMaterials/BaseFlattenNormalMap_VT.uasset" 115
"../../../Engine/Content/EngineMaterials/BaseFlattenNormalMap_VT.uexp" 116
"../../../Engine/Content/EngineMaterials/FlattenMaterial_WS_Normal_VT.uasset" 117
"../../../Engine/Content/EngineMaterials/FlattenMaterial_WS_Normal_VT.uexp" 118
"../../../Engine/Content/EngineMaterials/FlattenMaterial_VT.uasset" 119
"../../../Engine/Content/EngineMaterials/FlattenMaterial_VT.uexp" 120
"../../../Engine/Content/EngineMaterials/BaseFlattenNormalMap.uasset" 121
"../../../Engine/Content/EngineMaterials/BaseFlattenNormalMap.uexp" 122
"../../../Engine/Content/EngineMaterials/BaseFlattenGrayscaleMap.uasset" 123
"../../../Engine/Content/EngineMaterials/BaseFlattenGrayscaleMap.uexp" 124
"../../../Engine/Content/EngineMaterials/BaseFlattenDiffuseMap.uasset" 125
"../../../Engine/Content/EngineMaterials/BaseFlattenDiffuseMap.uexp" 126
"../../../Engine/Content/Functions/Engine_MaterialFunctions02/PivotPainter2/Black_1x1_EXR_Texture.uasset" 127
"../../../Engine/Content/Functions/Engine_MaterialFunctions02/PivotPainter2/Black_1x1_EXR_Texture.uexp" 128
"../../../Engine/Content/EngineMaterials/BaseFlattenEmissiveMap.uasset" 129
"../../../Engine/Content/EngineMaterials/BaseFlattenEmissiveMap.uexp" 130
"../../../Engine/Content/EngineMaterials/BaseFlattenLinearColor.uasset" 131
"../../../Engine/Content/EngineMaterials/BaseFlattenLinearColor.uexp" 132
"../../../Engine/Content/EngineMaterials/FlattenMaterial.uasset" 133
"../../../Engine/Content/EngineMaterials/FlattenMaterial.uexp" 134
"../../../Engine/Content/EngineMaterials/DefaultWhiteGrid_Low.uasset" 135
"../../../Engine/Content/EngineMaterials/DefaultWhiteGrid_Low.uexp" 136
"../../../Engine/Content/EngineMaterials/EmissiveMeshMaterial.uasset" 137
"../../../Engine/Content/EngineMaterials/EmissiveMeshMaterial.uexp" 138
"../../../Engine/Content/EngineMaterials/DefaultWhiteGrid.ubulk" 139
"../../../Engine/Content/EngineMaterials/DefaultWhiteGrid.uasset" 140
"../../../Engine/Content/EngineMaterials/DefaultWhiteGrid.uexp" 141
"../../../Engine/Content/EngineFonts/RobotoDistanceField.uasset" 142
"../../../Engine/Content/EngineFonts/RobotoDistanceField.uexp" 143
"../../../Engine/Content/EngineMaterials/DefaultTextMaterialOpaque.uasset" 144
"../../../Engine/Content/EngineMaterials/DefaultTextMaterialOpaque.uexp" 145
"../../../Engine/Content/EngineMaterials/DefaultDiffuse.ubulk" 146
"../../../Engine/Content/EngineMaterials/DefaultDiffuse.uasset" 147
"../../../Engine/Content/EngineMaterials/DefaultDiffuse.uexp" 148
"../../../Engine/Content/Functions/Engine_MaterialFunctions02/Utility/BreakOutFloat2Components.uasset" 149
"../../../Engine/Content/Functions/Engine_MaterialFunctions02/Utility/BreakOutFloat2Components.uexp" 150
"../../../Engine/Content/EngineMaterials/DefaultPostProcessMaterial.uasset" 151
"../../../Engine/Content/EngineMaterials/DefaultPostProcessMaterial.uexp" 152
"../../../Engine/Content/EngineMaterials/DefaultPhysicalMaterial.uasset" 153
"../../../Engine/Content/EngineMaterials/DefaultPhysicalMaterial.uexp" 154
"../../../Engine/Content/EngineMaterials/DefaultLightFunctionMaterial.uasset" 155
"../../../Engine/Content/EngineMaterials/DefaultLightFunctionMaterial.uexp" 156
"../../../Engine/Content/EngineMaterials/DefaultDestructiblePhysicalMaterial.uasset" 157
"../../../Engine/Content/EngineMaterials/DefaultDestructiblePhysicalMaterial.uexp" 158
"../../../Engine/Content/EngineMaterials/DefaultDeferredDecalMaterial.uasset" 159
"../../../Engine/Content/EngineMaterials/DefaultDeferredDecalMaterial.uexp" 160
"../../../Engine/Content/EngineMaterials/DefaultBokeh.uasset" 161
"../../../Engine/Content/EngineMaterials/DefaultBokeh.uexp" 162
"../../../Engine/Content/EngineMaterials/DefaultBloomKernel.uasset" 163
"../../../Engine/Content/EngineMaterials/DefaultBloomKernel.uexp" 164
"../../../Engine/Content/EngineMaterials/BlueNoise.uasset" 165
"../../../Engine/Content/EngineMaterials/BlueNoise.uexp" 166
"../../../Engine/Content/EngineFonts/Faces/RobotoLight.uexp" 167
"../../../Engine/Content/EngineFonts/Faces/RobotoLight.uasset" 168
"../../../Engine/Content/EngineFonts/Faces/RobotoLight.ufont" 169
"../../../Engine/Content/EngineFonts/Faces/RobotoBold.uexp" 170
"../../../Engine/Content/EngineFonts/Faces/RobotoBold.uasset" 171
"../../../Engine/Content/EngineFonts/Faces/RobotoBold.ufont" 172
"../../../Engine/Content/EngineFonts/Faces/RobotoRegular.uexp" 173
"../../../Engine/Content/EngineFonts/Faces/RobotoRegular.uasset" 174
"../../../Engine/Content/EngineFonts/Faces/RobotoRegular.ufont" 175
"../../../Engine/Content/EngineFonts/Faces/DroidSansFallback.uexp" 176
"../../../Engine/Content/EngineFonts/Faces/DroidSansFallback.uasset" 177
"../../../Engine/Content/EngineFonts/Faces/DroidSansFallback.ufont" 178
"../../../Engine/Content/EngineFonts/Faces/RobotoItalic.uexp" 179
"../../../Engine/Content/EngineFonts/Faces/RobotoItalic.uasset" 180
"../../../Engine/Content/EngineFonts/Faces/RobotoItalic.ufont" 181
"../../../Engine/Content/EngineFonts/Faces/RobotoBoldItalic.uexp" 182
"../../../Engine/Content/EngineFonts/Faces/RobotoBoldItalic.uasset" 183
"../../../Engine/Content/EngineFonts/Faces/RobotoBoldItalic.ufont" 184
"../../../Engine/Content/EngineFonts/Roboto.uasset" 185
"../../../Engine/Content/EngineFonts/Roboto.uexp" 186
"../../../Engine/Content/Functions/Engine_MaterialFunctions02/Utility/CameraDirectionVector.uasset" 187
"../../../Engine/Content/Functions/Engine_MaterialFunctions02/Utility/CameraDirectionVector.uexp" 188
"../../../Engine/Content/EngineDebugMaterials/VolumeToRender.uasset" 189
"../../../Engine/Content/EngineDebugMaterials/VolumeToRender.uexp" 190
"../../../Engine/Content/EngineDebugMaterials/M_VolumeRenderSphereTracePP.uasset" 191
"../../../Engine/Content/EngineDebugMaterials/M_VolumeRenderSphereTracePP.uexp" 192
"../../../Engine/Content/EngineDebugMaterials/M_SimpleUnlitTranslucent.uasset" 193
"../../../Engine/Content/EngineDebugMaterials/M_SimpleUnlitTranslucent.uexp" 194
"../../../Engine/Content/EngineDebugMaterials/DebugMeshMaterial.uasset" 195
"../../../Engine/Content/EngineDebugMaterials/DebugMeshMaterial.uexp" 196
"../../../Engine/Content/EngineDebugMaterials/DebugEditorMaterial.uasset" 197
"../../../Engine/Content/EngineDebugMaterials/DebugEditorMaterial.uexp" 198
"../../../Engine/Content/EngineDamageTypes/DmgTypeBP_Environmental.uasset" 199
"../../../Engine/Content/EngineDamageTypes/DmgTypeBP_Environmental.uexp" 200
"../../../Engine/Content/EditorResources/S_TriggerSphere.uasset" 201
"../../../Engine/Content/EditorResources/S_TriggerSphere.uexp" 202
"../../../Engine/Content/EditorResources/S_TriggerCapsule.uasset" 203
"../../../Engine/Content/EditorResources/S_TriggerCapsule.uexp" 204
"../../../Engine/Content/EditorResources/S_TriggerBox.uasset" 205
"../../../Engine/Content/EditorResources/S_TriggerBox.uexp" 206
"../../../Engine/Content/EditorResources/S_Trigger.ubulk" 207
"../../../Engine/Content/EditorResources/S_Trigger.uasset" 208
"../../../Engine/Content/EditorResources/S_Trigger.uexp" 209
"../../../Engine/Content/EditorResources/S_Terrain.ubulk" 210
"../../../Engine/Content/EditorResources/S_Terrain.uasset" 211
"../../../Engine/Content/EditorResources/S_Terrain.uexp" 212
"../../../Engine/Content/EditorResources/S_Solver.ubulk" 213
"../../../Engine/Content/EditorResources/S_Solver.uasset" 214
"../../../Engine/Content/EditorResources/S_Solver.uexp" 215
"../../../Engine/Content/EditorResources/S_BoxReflectionCapture.uasset" 216
"../../../Engine/Content/EditorResources/S_BoxReflectionCapture.uexp" 217
"../../../Engine/Content/EditorResources/S_Actor.ubulk" 218
"../../../Engine/Content/EditorResources/S_Actor.uasset" 219
"../../../Engine/Content/EditorResources/S_Actor.uexp" 220
"../../../Engine/Content/EditorResources/EmptyActor.uasset" 221
"../../../Engine/Content/EditorResources/EmptyActor.uexp" 222
"../../../Engine/Content/EditorResources/BSPVertex.uasset" 223
"../../../Engine/Content/EditorResources/BSPVertex.uexp" 224
"../../../Engine/Content/EditorResources/SequenceRecorder/RecordingIndicator.uasset" 225
"../../../Engine/Content/EditorResources/SequenceRecorder/RecordingIndicator.uexp" 226
"../../../Engine/Content/EditorResources/SequenceRecorder/Countdown.uasset" 227
"../../../Engine/Content/EditorResources/SequenceRecorder/Countdown.uexp" 228
"../../../Engine/Content/EditorMaterials/Camera/CineMat.uasset" 229
"../../../Engine/Content/EditorMaterials/Camera/CineMat.uexp" 230
"../../../Engine/Content/EditorMaterials/Camera/MI_CineMat_Rig.uasset" 231
"../../../Engine/Content/EditorMaterials/Camera/MI_CineMat_Rig.uexp" 232
"../../../Engine/Content/EditorMeshes/Camera/SM_RailRig_Track.ubulk" 233
"../../../Engine/Content/EditorMeshes/Camera/SM_RailRig_Track.uasset" 234
"../../../Engine/Content/EditorMeshes/Camera/SM_RailRig_Track.uexp" 235
"../../../Engine/Content/EditorMeshes/Camera/SM_RailRig_Mount.ubulk" 236
"../../../Engine/Content/EditorMeshes/Camera/SM_RailRig_Mount.uasset" 237
"../../../Engine/Content/EditorMeshes/Camera/SM_RailRig_Mount.uexp" 238
"../../../Engine/Content/EditorMeshes/Camera/SM_CraneRig_Mount.ubulk" 239
"../../../Engine/Content/EditorMeshes/Camera/SM_CraneRig_Mount.uasset" 240
"../../../Engine/Content/EditorMeshes/Camera/SM_CraneRig_Mount.uexp" 241
"../../../Engine/Content/EditorMeshes/Camera/SM_CraneRig_Body.ubulk" 242
"../../../Engine/Content/EditorMeshes/Camera/SM_CraneRig_Body.uasset" 243
"../../../Engine/Content/EditorMeshes/Camera/SM_CraneRig_Body.uexp" 244
"../../../Engine/Content/EditorMeshes/Camera/SM_CraneRig_Base.ubulk" 245
"../../../Engine/Content/EditorMeshes/Camera/SM_CraneRig_Base.uasset" 246
"../../../Engine/Content/EditorMeshes/Camera/SM_CraneRig_Base.uexp" 247
"../../../Engine/Content/EditorMeshes/Camera/SM_CraneRig_Arm.ubulk" 248
"../../../Engine/Content/EditorMeshes/Camera/SM_CraneRig_Arm.uasset" 249
"../../../Engine/Content/EditorMeshes/Camera/SM_CraneRig_Arm.uexp" 250
"../../../Engine/Content/EditorMaterials/PreviewShadowIndicator.ubulk" 251
"../../../Engine/Content/EditorMaterials/PreviewShadowIndicator.uasset" 252
"../../../Engine/Content/EditorMaterials/PreviewShadowIndicator.uexp" 253
"../../../Engine/Content/EditorMaterials/PreviewShadowIndicatorMaterial.uasset" 254
"../../../Engine/Content/EditorMaterials/PreviewShadowIndicatorMaterial.uexp" 255
"../../../Engine/Content/EditorMaterials/MAT_Groups_Visibility.uasset" 256
"../../../Engine/Content/EditorMaterials/MAT_Groups_Visibility.uexp" 257
"../../../Engine/Content/EditorMaterials/MAT_Groups_Toggle.uasset" 258
"../../../Engine/Content/EditorMaterials/MAT_Groups_Toggle.uexp" 259
"../../../Engine/Content/Functions/Engine_MaterialFunctions02/Utility/MakeFloat4.uasset" 260
"../../../Engine/Content/Functions/Engine_MaterialFunctions02/Utility/MakeFloat4.uexp" 261
"../../../Engine/Content/Functions/Engine_MaterialFunctions02/Utility/MakeFloat3.uasset" 262
"../../../Engine/Content/Functions/Engine_MaterialFunctions02/Utility/MakeFloat3.uexp" 263
"../../../Engine/Content/Functions/Engine_MaterialFunctions02/Utility/BreakOutFloat3Components.uasset" 264
"../../../Engine/Content/Functions/Engine_MaterialFunctions02/Utility/BreakOutFloat3Components.uexp" 265
"../../../Engine/Content/EditorMaterials/WorldPartition/WorldPartitionSpatialHashGridPreviewMaterial.uasset" 266
"../../../Engine/Content/EditorMaterials/WorldPartition/WorldPartitionSpatialHashGridPreviewMaterial.uexp" 267
"../../../Engine/Content/EditorMaterials/ParticleSystems/PSysThumbnail_OOD.ubulk" 268
"../../../Engine/Content/EditorMaterials/ParticleSystems/PSysThumbnail_OOD.uasset" 269
"../../../Engine/Content/EditorMaterials/ParticleSystems/PSysThumbnail_OOD.uexp" 270
"../../../Engine/Content/EditorMaterials/ParticleSystems/PSysThumbnail_NoImage.ubulk" 271
"../../../Engine/Content/EditorMaterials/ParticleSystems/PSysThumbnail_NoImage.uasset" 272
"../../../Engine/Content/EditorMaterials/ParticleSystems/PSysThumbnail_NoImage.uexp" 273
"../../../Engine/Content/EditorMaterials/MatineeGroups/MAT_Groups_Vector.uasset" 274
"../../../Engine/Content/EditorMaterials/MatineeGroups/MAT_Groups_Vector.uexp" 275
"../../../Engine/Content/EditorMaterials/MatineeGroups/MAT_Groups_Sound.uasset" 276
"../../../Engine/Content/EditorMaterials/MatineeGroups/MAT_Groups_Sound.uexp" 277
"../../../Engine/Content/EditorMaterials/MatineeGroups/MAT_Groups_Slomo.uasset" 278
"../../../Engine/Content/EditorMaterials/MatineeGroups/MAT_Groups_Slomo.uexp" 279
"../../../Engine/Content/EditorMaterials/MatineeGroups/MAT_Groups_Move.uasset" 280
"../../../Engine/Content/EditorMaterials/MatineeGroups/MAT_Groups_Move.uexp" 281
"../../../Engine/Content/EditorMaterials/MatineeGroups/MAT_Groups_Float.uasset" 282
"../../../Engine/Content/EditorMaterials/MatineeGroups/MAT_Groups_Float.uexp" 283
"../../../Engine/Content/EditorMaterials/MatineeGroups/MAT_Groups_Fade.uasset" 284
"../../../Engine/Content/EditorMaterials/MatineeGroups/MAT_Groups_Fade.uexp" 285
"../../../Engine/Content/EditorMaterials/MatineeGroups/MAT_Groups_Event.uasset" 286
"../../../Engine/Content/EditorMaterials/MatineeGroups/MAT_Groups_Event.uexp" 287
"../../../Engine/Content/EditorMaterials/MatineeGroups/MAT_Groups_Director.uasset" 288
"../../../Engine/Content/EditorMaterials/MatineeGroups/MAT_Groups_Director.uexp" 289
"../../../Engine/Content/EditorMaterials/MatineeGroups/MAT_Groups_AudioMaster.uasset" 290
"../../../Engine/Content/EditorMaterials/MatineeGroups/MAT_Groups_AudioMaster.uexp" 291
"../../../Engine/Content/EditorMaterials/MatineeGroups/MAT_Groups_Anim.uasset" 292
"../../../Engine/Content/EditorMaterials/MatineeGroups/MAT_Groups_Anim.uexp" 293
"../../../Engine/Content/EditorMaterials/MatineeGroups/MAT_ColorTrack.uasset" 294
"../../../Engine/Content/EditorMaterials/MatineeGroups/MAT_ColorTrack.uexp" 295
"../../../Engine/Content/EditorLandscapeResources/DefaultAlphaTexture.uasset" 296
"../../../Engine/Content/EditorLandscapeResources/DefaultAlphaTexture.uexp" 297
"../../../Engine/Content/EditorLandscapeResources/DataLayer.uasset" 298
"../../../Engine/Content/EditorLandscapeResources/DataLayer.uexp" 299
"../../../Engine/Content/EngineMaterials/T_Default_Material_Grid_M.ubulk" 300
"../../../Engine/Content/EngineMaterials/T_Default_Material_Grid_M.uasset" 301
"../../../Engine/Content/EngineMaterials/T_Default_Material_Grid_M.uexp" 302
"../../../Engine/Content/EngineMaterials/T_Default_Material_Grid_N.ubulk" 303
"../../../Engine/Content/EngineMaterials/T_Default_Material_Grid_N.uasset" 304
"../../../Engine/Content/EngineMaterials/T_Default_Material_Grid_N.uexp" 305
"../../../Engine/Content/Functions/Engine_MaterialFunctions01/Opacity/CameraDepthFade.uasset" 306
"../../../Engine/Content/Functions/Engine_MaterialFunctions01/Opacity/CameraDepthFade.uexp" 307
"../../../Engine/Content/EngineMaterials/DefaultMaterial.uasset" 308
"../../../Engine/Content/EngineMaterials/DefaultMaterial.uexp" 309
"../../../Engine/Content/BasicShapes/Sphere.ubulk" 310
"../../../Engine/Content/BasicShapes/Sphere.uasset" 311
"../../../Engine/Content/BasicShapes/Sphere.uexp" 312
"../../../Engine/Content/EngineMaterials/WorldGridMaterial.uasset" 313
"../../../Engine/Content/EngineMaterials/WorldGridMaterial.uexp" 314
"../../../Engine/Content/BasicShapes/Plane.ubulk" 315
"../../../Engine/Content/BasicShapes/Plane.uasset" 316
"../../../Engine/Content/BasicShapes/Plane.uexp" 317
"../../../Engine/Content/BasicShapes/Cylinder.ubulk" 318
"../../../Engine/Content/BasicShapes/Cylinder.uasset" 319
"../../../Engine/Content/BasicShapes/Cylinder.uexp" 320
"../../../Engine/Content/BasicShapes/Cube.ubulk" 321
"../../../Engine/Content/BasicShapes/Cube.uasset" 322
"../../../Engine/Content/BasicShapes/Cube.uexp" 323
"../../../Engine/Content/BasicShapes/Cone.ubulk" 324
"../../../Engine/Content/BasicShapes/Cone.uasset" 325
"../../../Engine/Content/BasicShapes/Cone.uexp" 326
"../../../Engine/Content/ArtTools/RenderToTexture/Meshes/S_1_Unit_Plane.ubulk" 327
"../../../Engine/Content/ArtTools/RenderToTexture/Meshes/S_1_Unit_Plane.uasset" 328
"../../../Engine/Content/ArtTools/RenderToTexture/Meshes/S_1_Unit_Plane.uexp" 329
"../../../Engine/Content/MobileResources/HUD/VirtualJoystick_Background.uasset" 330
"../../../Engine/Content/MobileResources/HUD/VirtualJoystick_Background.uexp" 331
"../../../Engine/Content/MobileResources/HUD/VirtualJoystick_Thumb.uasset" 332
"../../../Engine/Content/MobileResources/HUD/VirtualJoystick_Thumb.uexp" 333
"../../../Engine/Content/MobileResources/HUD/DefaultVirtualJoysticks.uasset" 334
"../../../Engine/Content/MobileResources/HUD/DefaultVirtualJoysticks.uexp" 335
"../../../Engine/Content/Tutorial/ContentIntroCurve.uasset" 336
"../../../Engine/Content/Tutorial/ContentIntroCurve.uexp" 337
"../../../Engine/Content/VREditor/TransformGizmo/Main.uasset" 338
"../../../Engine/Content/VREditor/TransformGizmo/Main.uexp" 339
"../../../Engine/Content/VREditor/TransformGizmo/Xray.uasset" 340
"../../../Engine/Content/VREditor/TransformGizmo/Xray.uexp" 341
"../../../Engine/Content/VREditor/TransformGizmo/SM_Sequencer_Node.ubulk" 342
"../../../Engine/Content/VREditor/TransformGizmo/SM_Sequencer_Node.uasset" 343
"../../../Engine/Content/VREditor/TransformGizmo/SM_Sequencer_Node.uexp" 344
"../../../Engine/Content/VREditor/LaserPointer/VR_LaserPower_01.ubulk" 345
"../../../Engine/Content/VREditor/LaserPointer/VR_LaserPower_01.uasset" 346
"../../../Engine/Content/VREditor/LaserPointer/VR_LaserPower_01.uexp" 347
"../../../Engine/Content/VREditor/TransformGizmo/TransformGizmoMaterial.uasset" 348
"../../../Engine/Content/VREditor/TransformGizmo/TransformGizmoMaterial.uexp" 349
"../../../Engine/Content/VREditor/TransformGizmo/TranslucentTransformGizmoMaterial.uasset" 350
"../../../Engine/Content/VREditor/TransformGizmo/TranslucentTransformGizmoMaterial.uexp" 351
"../../../Engine/Content/VREditor/TransformGizmo/PlaneTranslationHandle.ubulk" 352
"../../../Engine/Content/VREditor/TransformGizmo/PlaneTranslationHandle.uasset" 353
"../../../Engine/Content/VREditor/TransformGizmo/PlaneTranslationHandle.uexp" 354
"../../../Engine/Content/VREditor/TransformGizmo/BoundingBoxEdge.ubulk" 355
"../../../Engine/Content/VREditor/TransformGizmo/BoundingBoxEdge.uasset" 356
"../../../Engine/Content/VREditor/TransformGizmo/BoundingBoxEdge.uexp" 357
"../../../Engine/Content/VREditor/TransformGizmo/BoundingBoxCorner.ubulk" 358
"../../../Engine/Content/VREditor/TransformGizmo/BoundingBoxCorner.uasset" 359
"../../../Engine/Content/VREditor/TransformGizmo/BoundingBoxCorner.uexp" 360
"../../../Engine/Plugins/2D/Paper2D/Content/PlaceholderTextures/DummySpriteTexture.ubulk" 361
"../../../Engine/Plugins/2D/Paper2D/Content/PlaceholderTextures/DummySpriteTexture.uasset" 362
"../../../Engine/Plugins/2D/Paper2D/Content/PlaceholderTextures/DummySpriteTexture.uexp" 363
"../../../Engine/Plugins/2D/Paper2D/Content/DefaultSpriteMaterial.uasset" 364
"../../../Engine/Plugins/2D/Paper2D/Content/DefaultSpriteMaterial.uexp" 365
"../../../Engine/Plugins/2D/Paper2D/Content/OpaqueUnlitSpriteMaterial.uasset" 366
"../../../Engine/Plugins/2D/Paper2D/Content/OpaqueUnlitSpriteMaterial.uexp" 367
"../../../Engine/Plugins/2D/Paper2D/Content/MaskedUnlitSpriteMaterial.uasset" 368
"../../../Engine/Plugins/2D/Paper2D/Content/MaskedUnlitSpriteMaterial.uexp" 369
"../../../Engine/Plugins/2D/Paper2D/Content/DummySprite.uasset" 370
"../../../Engine/Plugins/2D/Paper2D/Content/DummySprite.uexp" 371
"../../../Engine/Plugins/2D/Paper2D/Content/DefaultPaperTerrainMaterial.uasset" 372
"../../../Engine/Plugins/2D/Paper2D/Content/DefaultPaperTerrainMaterial.uexp" 373
"../../../Engine/Plugins/Animation/ControlRig/Content/M_Manip.uasset" 374
"../../../Engine/Plugins/Animation/ControlRig/Content/M_Manip.uexp" 375
"../../../Engine/Plugins/Animation/ControlRig/Content/Controls/ControlRig_Wedge_solid.ubulk" 376
"../../../Engine/Plugins/Animation/ControlRig/Content/Controls/ControlRig_Wedge_solid.uasset" 377
"../../../Engine/Plugins/Animation/ControlRig/Content/Controls/ControlRig_Wedge_solid.uexp" 378
"../../../Engine/Plugins/Animation/ControlRig/Content/Controls/ControlRig_Wedge_3mm.ubulk" 379
"../../../Engine/Plugins/Animation/ControlRig/Content/Controls/ControlRig_Wedge_3mm.uasset" 380
"../../../Engine/Plugins/Animation/ControlRig/Content/Controls/ControlRig_Wedge_3mm.uexp" 381
"../../../Engine/Plugins/Animation/ControlRig/Content/Controls/ControlRig_Wedge_1mm.ubulk" 382
"../../../Engine/Plugins/Animation/ControlRig/Content/Controls/ControlRig_Wedge_1mm.uasset" 383
"../../../Engine/Plugins/Animation/ControlRig/Content/Controls/ControlRig_Wedge_1mm.uexp" 384
"../../../Engine/Plugins/Animation/ControlRig/Content/Controls/ControlRig_Triangle_solid.ubulk" 385
"../../../Engine/Plugins/Animation/ControlRig/Content/Controls/ControlRig_Triangle_solid.uasset" 386
"../../../Engine/Plugins/Animation/ControlRig/Content/Controls/ControlRig_Triangle_solid.uexp" 387
"../../../Engine/Plugins/Animation/ControlRig/Content/Controls/ControlRig_Triangle_3mm.ubulk" 388
"../../../Engine/Plugins/Animation/ControlRig/Content/Controls/ControlRig_Triangle_3mm.uasset" 389
"../../../Engine/Plugins/Animation/ControlRig/Content/Controls/ControlRig_Triangle_3mm.uexp" 390
"../../../Engine/Plugins/Animation/ControlRig/Content/Controls/ControlRig_Triangle_1mm.ubulk" 391
"../../../Engine/Plugins/Animation/ControlRig/Content/Controls/ControlRig_Triangle_1mm.uasset" 392
"../../../Engine/Plugins/Animation/ControlRig/Content/Controls/ControlRig_Triangle_1mm.uexp" 393
"../../../Engine/Plugins/Animation/ControlRig/Content/Controls/ControlRig_Star4_solid.ubulk" 394
"../../../Engine/Plugins/Animation/ControlRig/Content/Controls/ControlRig_Star4_solid.uasset" 395
"../../../Engine/Plugins/Animation/ControlRig/Content/Controls/ControlRig_Star4_solid.uexp" 396
"../../../Engine/Plugins/Animation/ControlRig/Content/Controls/ControlRig_Star4_3mm.ubulk" 397
"../../../Engine/Plugins/Animation/ControlRig/Content/Controls/ControlRig_Star4_3mm.uasset" 398
"../../../Engine/Plugins/Animation/ControlRig/Content/Controls/ControlRig_Star4_3mm.uexp" 399
"../../../Engine/Plugins/Animation/ControlRig/Content/Controls/ControlRig_Star4_1mm.ubulk" 400
"../../../Engine/Plugins/Animation/ControlRig/Content/Controls/ControlRig_Star4_1mm.uasset" 401
"../../../Engine/Plugins/Animation/ControlRig/Content/Controls/ControlRig_Star4_1mm.uexp" 402
"../../../Engine/Plugins/Animation/ControlRig/Content/Controls/ControlRig_Square_solid.ubulk" 403
"../../../Engine/Plugins/Animation/ControlRig/Content/Controls/ControlRig_Square_solid.uasset" 404
"../../../Engine/Plugins/Animation/ControlRig/Content/Controls/ControlRig_Square_solid.uexp" 405
"../../../Engine/Plugins/Animation/ControlRig/Content/Controls/ControlRig_Square_3mm.ubulk" 406
"../../../Engine/Plugins/Animation/ControlRig/Content/Controls/ControlRig_Square_3mm.uasset" 407
"../../../Engine/Plugins/Animation/ControlRig/Content/Controls/ControlRig_Square_3mm.uexp" 408
"../../../Engine/Plugins/Animation/ControlRig/Content/Controls/ControlRig_Square_1mm.ubulk" 409
"../../../Engine/Plugins/Animation/ControlRig/Content/Controls/ControlRig_Square_1mm.uasset" 410
"../../../Engine/Plugins/Animation/ControlRig/Content/Controls/ControlRig_Square_1mm.uexp" 411
"../../../Engine/Plugins/Animation/ControlRig/Content/Controls/ControlRig_Sphere_solid.ubulk" 412
"../../../Engine/Plugins/Animation/ControlRig/Content/Controls/ControlRig_Sphere_solid.uasset" 413
"../../../Engine/Plugins/Animation/ControlRig/Content/Controls/ControlRig_Sphere_solid.uexp" 414
"../../../Engine/Plugins/Animation/ControlRig/Content/Controls/ControlRig_Sphere_3mm.ubulk" 415
"../../../Engine/Plugins/Animation/ControlRig/Content/Controls/ControlRig_Sphere_3mm.uasset" 416
"../../../Engine/Plugins/Animation/ControlRig/Content/Controls/ControlRig_Sphere_3mm.uexp" 417
"../../../Engine/Plugins/Animation/ControlRig/Content/Controls/ControlRig_Sphere_1mm.ubulk" 418
"../../../Engine/Plugins/Animation/ControlRig/Content/Controls/ControlRig_Sphere_1mm.uasset" 419
"../../../Engine/Plugins/Animation/ControlRig/Content/Controls/ControlRig_Sphere_1mm.uexp" 420
"../../../Engine/Plugins/Animation/ControlRig/Content/Controls/ControlRig_RoundedTriangle_solid.ubulk" 421
"../../../Engine/Plugins/Animation/ControlRig/Content/Controls/ControlRig_RoundedTriangle_solid.uasset" 422
"../../../Engine/Plugins/Animation/ControlRig/Content/Controls/ControlRig_RoundedTriangle_solid.uexp" 423
"../../../Engine/Plugins/Animation/ControlRig/Content/Controls/ControlRig_RoundedTriangle_3mm.ubulk" 424
"../../../Engine/Plugins/Animation/ControlRig/Content/Controls/ControlRig_RoundedTriangle_3mm.uasset" 425
"../../../Engine/Plugins/Animation/ControlRig/Content/Controls/ControlRig_RoundedTriangle_3mm.uexp" 426
"../../../Engine/Plugins/Animation/ControlRig/Content/Controls/ControlRig_RoundedTriangle_1mm.ubulk" 427
"../../../Engine/Plugins/Animation/ControlRig/Content/Controls/ControlRig_RoundedTriangle_1mm.uasset" 428
"../../../Engine/Plugins/Animation/ControlRig/Content/Controls/ControlRig_RoundedTriangle_1mm.uexp" 429
"../../../Engine/Plugins/Animation/ControlRig/Content/Controls/ControlRig_RoundedSquare_solid.ubulk" 430
"../../../Engine/Plugins/Animation/ControlRig/Content/Controls/ControlRig_RoundedSquare_solid.uasset" 431
"../../../Engine/Plugins/Animation/ControlRig/Content/Controls/ControlRig_RoundedSquare_solid.uexp" 432
"../../../Engine/Plugins/Animation/ControlRig/Content/Controls/ControlRig_RoundedSquare_3mm.ubulk" 433
"../../../Engine/Plugins/Animation/ControlRig/Content/Controls/ControlRig_RoundedSquare_3mm.uasset" 434
"../../../Engine/Plugins/Animation/ControlRig/Content/Controls/ControlRig_RoundedSquare_3mm.uexp" 435
"../../../Engine/Plugins/Animation/ControlRig/Content/Controls/ControlRig_RoundedSquare_1mm.ubulk" 436
"../../../Engine/Plugins/Animation/ControlRig/Content/Controls/ControlRig_RoundedSquare_1mm.uasset" 437
"../../../Engine/Plugins/Animation/ControlRig/Content/Controls/ControlRig_RoundedSquare_1mm.uexp" 438
"../../../Engine/Plugins/Animation/ControlRig/Content/Controls/ControlRig_QuarterCircle_solid.ubulk" 439
"../../../Engine/Plugins/Animation/ControlRig/Content/Controls/ControlRig_QuarterCircle_solid.uasset" 440
"../../../Engine/Plugins/Animation/ControlRig/Content/Controls/ControlRig_QuarterCircle_solid.uexp" 441
"../../../Engine/Plugins/Animation/ControlRig/Content/Controls/ControlRig_QuarterCircle_3mm.ubulk" 442
"../../../Engine/Plugins/Animation/ControlRig/Content/Controls/ControlRig_QuarterCircle_3mm.uasset" 443
"../../../Engine/Plugins/Animation/ControlRig/Content/Controls/ControlRig_QuarterCircle_3mm.uexp" 444
"../../../Engine/Plugins/Animation/ControlRig/Content/Controls/ControlRig_QuarterCircle_1mm.ubulk" 445
"../../../Engine/Plugins/Animation/ControlRig/Content/Controls/ControlRig_QuarterCircle_1mm.uasset" 446
"../../../Engine/Plugins/Animation/ControlRig/Content/Controls/ControlRig_QuarterCircle_1mm.uexp" 447
"../../../Engine/Plugins/Animation/ControlRig/Content/Controls/ControlRig_Pyramid_solid.ubulk" 448
"../../../Engine/Plugins/Animation/ControlRig/Content/Controls/ControlRig_Pyramid_solid.uasset" 449
"../../../Engine/Plugins/Animation/ControlRig/Content/Controls/ControlRig_Pyramid_solid.uexp" 450
"../../../Engine/Plugins/Animation/ControlRig/Content/Controls/ControlRig_Pyramid_3mm.ubulk" 451
"../../../Engine/Plugins/Animation/ControlRig/Content/Controls/ControlRig_Pyramid_3mm.uasset" 452
"../../../Engine/Plugins/Animation/ControlRig/Content/Controls/ControlRig_Pyramid_3mm.uexp" 453
"../../../Engine/Plugins/Animation/ControlRig/Content/Controls/ControlRig_Pyramid_1mm.ubulk" 454
"../../../Engine/Plugins/Animation/ControlRig/Content/Controls/ControlRig_Pyramid_1mm.uasset" 455
"../../../Engine/Plugins/Animation/ControlRig/Content/Controls/ControlRig_Pyramid_1mm.uexp" 456
"../../../Engine/Plugins/Animation/ControlRig/Content/Controls/ControlRig_Octagon_solid.ubulk" 457
"../../../Engine/Plugins/Animation/ControlRig/Content/Controls/ControlRig_Octagon_solid.uasset" 458
"../../../Engine/Plugins/Animation/ControlRig/Content/Controls/ControlRig_Octagon_solid.uexp" 459
"../../../Engine/Plugins/Animation/ControlRig/Content/Controls/ControlRig_Octagon_3mm.ubulk" 460
"../../../Engine/Plugins/Animation/ControlRig/Content/Controls/ControlRig_Octagon_3mm.uasset" 461
"../../../Engine/Plugins/Animation/ControlRig/Content/Controls/ControlRig_Octagon_3mm.uexp" 462
"../../../Engine/Plugins/Animation/ControlRig/Content/Controls/ControlRig_Octagon_1mm.ubulk" 463
"../../../Engine/Plugins/Animation/ControlRig/Content/Controls/ControlRig_Octagon_1mm.uasset" 464
"../../../Engine/Plugins/Animation/ControlRig/Content/Controls/ControlRig_Octagon_1mm.uexp" 465
"../../../Engine/Plugins/Animation/ControlRig/Content/Controls/ControlRig_Hexagon_solid.ubulk" 466
"../../../Engine/Plugins/Animation/ControlRig/Content/Controls/ControlRig_Hexagon_solid.uasset" 467
"../../../Engine/Plugins/Animation/ControlRig/Content/Controls/ControlRig_Hexagon_solid.uexp" 468
"../../../Engine/Plugins/Animation/ControlRig/Content/Controls/ControlRig_Hexagon_3mm.ubulk" 469
"../../../Engine/Plugins/Animation/ControlRig/Content/Controls/ControlRig_Hexagon_3mm.uasset" 470
"../../../Engine/Plugins/Animation/ControlRig/Content/Controls/ControlRig_Hexagon_3mm.uexp" 471
"../../../Engine/Plugins/Animation/ControlRig/Content/Controls/ControlRig_Hexagon_1mm.ubulk" 472
"../../../Engine/Plugins/Animation/ControlRig/Content/Controls/ControlRig_Hexagon_1mm.uasset" 473
"../../../Engine/Plugins/Animation/ControlRig/Content/Controls/ControlRig_Hexagon_1mm.uexp" 474
"../../../Engine/Plugins/Animation/ControlRig/Content/Controls/ControlRig_HalfCircle_solid.ubulk" 475
"../../../Engine/Plugins/Animation/ControlRig/Content/Controls/ControlRig_HalfCircle_solid.uasset" 476
"../../../Engine/Plugins/Animation/ControlRig/Content/Controls/ControlRig_HalfCircle_solid.uexp" 477
"../../../Engine/Plugins/Animation/ControlRig/Content/Controls/ControlRig_HalfCircle_3mm.ubulk" 478
"../../../Engine/Plugins/Animation/ControlRig/Content/Controls/ControlRig_HalfCircle_3mm.uasset" 479
"../../../Engine/Plugins/Animation/ControlRig/Content/Controls/ControlRig_HalfCircle_3mm.uexp" 480
"../../../Engine/Plugins/Animation/ControlRig/Content/Controls/ControlRig_HalfCircle_1mm.ubulk" 481
"../../../Engine/Plugins/Animation/ControlRig/Content/Controls/ControlRig_HalfCircle_1mm.uasset" 482
"../../../Engine/Plugins/Animation/ControlRig/Content/Controls/ControlRig_HalfCircle_1mm.uexp" 483
"../../../Engine/Plugins/Animation/ControlRig/Content/Controls/ControlRig_Diamond_solid.ubulk" 484
"../../../Engine/Plugins/Animation/ControlRig/Content/Controls/ControlRig_Diamond_solid.uasset" 485
"../../../Engine/Plugins/Animation/ControlRig/Content/Controls/ControlRig_Diamond_solid.uexp" 486
"../../../Engine/Plugins/Animation/ControlRig/Content/Controls/ControlRig_Diamond_3mm.ubulk" 487
"../../../Engine/Plugins/Animation/ControlRig/Content/Controls/ControlRig_Diamond_3mm.uasset" 488
"../../../Engine/Plugins/Animation/ControlRig/Content/Controls/ControlRig_Diamond_3mm.uexp" 489
"../../../Engine/Plugins/Animation/ControlRig/Content/Controls/ControlRig_Diamond_1mm.ubulk" 490
"../../../Engine/Plugins/Animation/ControlRig/Content/Controls/ControlRig_Diamond_1mm.uasset" 491
"../../../Engine/Plugins/Animation/ControlRig/Content/Controls/ControlRig_Diamond_1mm.uexp" 492
"../../../Engine/Plugins/Animation/ControlRig/Content/Controls/ControlRig_Circle_solid.ubulk" 493
"../../../Engine/Plugins/Animation/ControlRig/Content/Controls/ControlRig_Circle_solid.uasset" 494
"../../../Engine/Plugins/Animation/ControlRig/Content/Controls/ControlRig_Circle_solid.uexp" 495
"../../../Engine/Plugins/Animation/ControlRig/Content/Controls/ControlRig_Circle_3mm.ubulk" 496
"../../../Engine/Plugins/Animation/ControlRig/Content/Controls/ControlRig_Circle_3mm.uasset" 497
"../../../Engine/Plugins/Animation/ControlRig/Content/Controls/ControlRig_Circle_3mm.uexp" 498
"../../../Engine/Plugins/Animation/ControlRig/Content/Controls/ControlRig_Circle_1mm.ubulk" 499
"../../../Engine/Plugins/Animation/ControlRig/Content/Controls/ControlRig_Circle_1mm.uasset" 500
"../../../Engine/Plugins/Animation/ControlRig/Content/Controls/ControlRig_Circle_1mm.uexp" 501
"../../../Engine/Plugins/Animation/ControlRig/Content/Controls/ControlRig_Box_solid.ubulk" 502
"../../../Engine/Plugins/Animation/ControlRig/Content/Controls/ControlRig_Box_solid.uasset" 503
"../../../Engine/Plugins/Animation/ControlRig/Content/Controls/ControlRig_Box_solid.uexp" 504
"../../../Engine/Plugins/Animation/ControlRig/Content/Controls/ControlRig_Box_3mm.ubulk" 505
"../../../Engine/Plugins/Animation/ControlRig/Content/Controls/ControlRig_Box_3mm.uasset" 506
"../../../Engine/Plugins/Animation/ControlRig/Content/Controls/ControlRig_Box_3mm.uexp" 507
"../../../Engine/Plugins/Animation/ControlRig/Content/Controls/ControlRig_Box_1mm.ubulk" 508
"../../../Engine/Plugins/Animation/ControlRig/Content/Controls/ControlRig_Box_1mm.uasset" 509
"../../../Engine/Plugins/Animation/ControlRig/Content/Controls/ControlRig_Box_1mm.uexp" 510
"../../../Engine/Plugins/Animation/ControlRig/Content/Controls/ControlRig_Arrow_solid.ubulk" 511
"../../../Engine/Plugins/Animation/ControlRig/Content/Controls/ControlRig_Arrow_solid.uasset" 512
"../../../Engine/Plugins/Animation/ControlRig/Content/Controls/ControlRig_Arrow_solid.uexp" 513
"../../../Engine/Plugins/Animation/ControlRig/Content/Controls/ControlRig_Arrow_3mm.ubulk" 514
"../../../Engine/Plugins/Animation/ControlRig/Content/Controls/ControlRig_Arrow_3mm.uasset" 515
"../../../Engine/Plugins/Animation/ControlRig/Content/Controls/ControlRig_Arrow_3mm.uexp" 516
"../../../Engine/Plugins/Animation/ControlRig/Content/Controls/ControlRig_Arrow_1mm.ubulk" 517
"../../../Engine/Plugins/Animation/ControlRig/Content/Controls/ControlRig_Arrow_1mm.uasset" 518
"../../../Engine/Plugins/Animation/ControlRig/Content/Controls/ControlRig_Arrow_1mm.uexp" 519
"../../../Engine/Plugins/Animation/ControlRig/Content/Controls/ControlRig_Arrow4_solid.ubulk" 520
"../../../Engine/Plugins/Animation/ControlRig/Content/Controls/ControlRig_Arrow4_solid.uasset" 521
"../../../Engine/Plugins/Animation/ControlRig/Content/Controls/ControlRig_Arrow4_solid.uexp" 522
"../../../Engine/Plugins/Animation/ControlRig/Content/Controls/ControlRig_Arrow4_3mm.ubulk" 523
"../../../Engine/Plugins/Animation/ControlRig/Content/Controls/ControlRig_Arrow4_3mm.uasset" 524
"../../../Engine/Plugins/Animation/ControlRig/Content/Controls/ControlRig_Arrow4_3mm.uexp" 525
"../../../Engine/Plugins/Animation/ControlRig/Content/Controls/ControlRig_Arrow4_1mm.ubulk" 526
"../../../Engine/Plugins/Animation/ControlRig/Content/Controls/ControlRig_Arrow4_1mm.uasset" 527
"../../../Engine/Plugins/Animation/ControlRig/Content/Controls/ControlRig_Arrow4_1mm.uexp" 528
"../../../Engine/Plugins/Animation/ControlRig/Content/Controls/ControlRig_Arrow2_solid.ubulk" 529
"../../../Engine/Plugins/Animation/ControlRig/Content/Controls/ControlRig_Arrow2_solid.uasset" 530
"../../../Engine/Plugins/Animation/ControlRig/Content/Controls/ControlRig_Arrow2_solid.uexp" 531
"../../../Engine/Plugins/Animation/ControlRig/Content/Controls/ControlRig_Arrow2_3mm.ubulk" 532
"../../../Engine/Plugins/Animation/ControlRig/Content/Controls/ControlRig_Arrow2_3mm.uasset" 533
"../../../Engine/Plugins/Animation/ControlRig/Content/Controls/ControlRig_Arrow2_3mm.uexp" 534
"../../../Engine/Plugins/Animation/ControlRig/Content/Controls/ControlRig_Arrow2_1mm.ubulk" 535
"../../../Engine/Plugins/Animation/ControlRig/Content/Controls/ControlRig_Arrow2_1mm.uasset" 536
"../../../Engine/Plugins/Animation/ControlRig/Content/Controls/ControlRig_Arrow2_1mm.uexp" 537
"../../../Engine/Plugins/Animation/ControlRig/Content/Controls/ControlRigGizmoMaterial.uasset" 538
"../../../Engine/Plugins/Animation/ControlRig/Content/Controls/ControlRigGizmoMaterial.uexp" 539
"../../../Engine/Plugins/Editor/SpeedTreeImporter/Content/SpeedTree9/game_wind_noise.ubulk" 540
"../../../Engine/Plugins/Editor/SpeedTreeImporter/Content/SpeedTree9/game_wind_noise.uasset" 541
"../../../Engine/Plugins/Editor/SpeedTreeImporter/Content/SpeedTree9/game_wind_noise.uexp" 542
"../../../Engine/Plugins/Editor/SpeedTreeImporter/Content/SpeedTree9/UnpackDirection.uasset" 543
"../../../Engine/Plugins/Editor/SpeedTreeImporter/Content/SpeedTree9/UnpackDirection.uexp" 544
"../../../Engine/Content/Functions/Engine_MaterialFunctions02/ObjectLocalBounds.uasset" 545
"../../../Engine/Content/Functions/Engine_MaterialFunctions02/ObjectLocalBounds.uexp" 546
"../../../Engine/Content/Functions/Engine_MaterialFunctions02/UVs/BoundingBoxBased_0-1_UVW.uasset" 547
"../../../Engine/Content/Functions/Engine_MaterialFunctions02/UVs/BoundingBoxBased_0-1_UVW.uexp" 548
"../../../Engine/Content/Functions/Engine_MaterialFunctions02/Utility/VectorLength.uasset" 549
"../../../Engine/Content/Functions/Engine_MaterialFunctions02/Utility/VectorLength.uexp" 550
"../../../Engine/Plugins/Editor/SpeedTreeImporter/Content/SpeedTree9/UnpackInteger3.uasset" 551
"../../../Engine/Plugins/Editor/SpeedTreeImporter/Content/SpeedTree9/UnpackInteger3.uexp" 552
"../../../Engine/Plugins/Editor/SpeedTreeImporter/Content/SpeedTree9/SpeedTreeCameraFacing.uasset" 553
"../../../Engine/Plugins/Editor/SpeedTreeImporter/Content/SpeedTree9/SpeedTreeCameraFacing.uexp" 554
"../../../Engine/Content/Functions/Engine_MaterialFunctions02/WorldPositionOffset/ObjectScale.uasset" 555
"../../../Engine/Content/Functions/Engine_MaterialFunctions02/WorldPositionOffset/ObjectScale.uexp" 556
"../../../Engine/Content/Functions/Engine_MaterialFunctions02/SafeNormalize.uasset" 557
"../../../Engine/Content/Functions/Engine_MaterialFunctions02/SafeNormalize.uexp" 558
"../../../Engine/Plugins/Editor/SpeedTreeImporter/Content/SpeedTree9/SpeedTreeWindMotion.uasset" 559
"../../../Engine/Plugins/Editor/SpeedTreeImporter/Content/SpeedTree9/SpeedTreeWindMotion.uexp" 560
"../../../Engine/Plugins/Editor/SpeedTreeImporter/Content/SpeedTree9/SpeedTreeBranchMotion.uasset" 561
"../../../Engine/Plugins/Editor/SpeedTreeImporter/Content/SpeedTree9/SpeedTreeBranchMotion.uexp" 562
"../../../Engine/Plugins/Editor/SpeedTreeImporter/Content/SpeedTree9/SpeedTreeWind.uasset" 563
"../../../Engine/Plugins/Editor/SpeedTreeImporter/Content/SpeedTree9/SpeedTreeWind.uexp" 564
"../../../Engine/Plugins/Editor/SpeedTreeImporter/Content/SpeedTree9/EmptyNormal.uasset" 565
"../../../Engine/Plugins/Editor/SpeedTreeImporter/Content/SpeedTree9/EmptyNormal.uexp" 566
"../../../Engine/Plugins/Editor/SpeedTreeImporter/Content/SpeedTree9/Empty.uasset" 567
"../../../Engine/Plugins/Editor/SpeedTreeImporter/Content/SpeedTree9/Empty.uexp" 568
"../../../Engine/Plugins/Editor/SpeedTreeImporter/Content/SpeedTree9/SpeedTreeMaster.uasset" 569
"../../../Engine/Plugins/Editor/SpeedTreeImporter/Content/SpeedTree9/SpeedTreeMaster.uexp" 570
"../../../Engine/Plugins/Editor/SpeedTreeImporter/Content/SpeedTree9/SpeedTreeBillboard.uasset" 571
"../../../Engine/Plugins/Editor/SpeedTreeImporter/Content/SpeedTree9/SpeedTreeBillboard.uexp" 572
"../../../Engine/Plugins/Editor/SpeedTreeImporter/Content/SpeedTree9/SpeedTreeBillboardMaster.uasset" 573
"../../../Engine/Plugins/Editor/SpeedTreeImporter/Content/SpeedTree9/SpeedTreeBillboardMaster.uexp" 574
"../../../Engine/Plugins/Runtime/HairStrands/Content/Materials/HairMeshesDefaultMaterial.uasset" 575
"../../../Engine/Plugins/Runtime/HairStrands/Content/Materials/HairMeshesDefaultMaterial.uexp" 576
"../../../Engine/Plugins/Runtime/HairStrands/Content/Materials/HairDefaultMaterial.uasset" 577
"../../../Engine/Plugins/Runtime/HairStrands/Content/Materials/HairDefaultMaterial.uexp" 578
"../../../Engine/Plugins/Runtime/HairStrands/Content/Materials/HairGroupColors.uasset" 579
"../../../Engine/Plugins/Runtime/HairStrands/Content/Materials/HairGroupColors.uexp" 580
"../../../Engine/Content/EngineMaterials/HairColorMap.uasset" 581
"../../../Engine/Content/EngineMaterials/HairColorMap.uexp" 582
"../../../Engine/Content/EngineMaterials/HairDebugColor.uasset" 583
"../../../Engine/Content/EngineMaterials/HairDebugColor.uexp" 584
"../../../Engine/Plugins/Runtime/HairStrands/Content/Materials/HairDebugMaterial.uasset" 585
"../../../Engine/Plugins/Runtime/HairStrands/Content/Materials/HairDebugMaterial.uexp" 586
"../../../Engine/Plugins/Runtime/HairStrands/Content/Materials/HairCardsDefaultMaterial.uasset" 587
"../../../Engine/Plugins/Runtime/HairStrands/Content/Materials/HairCardsDefaultMaterial.uexp" 588
"C:/UE5CompleteProjects/EOS_TPP_Test/Content/Characters/Mannequins/Meshes/SK_Mannequin.uasset" 589
"C:/UE5CompleteProjects/EOS_TPP_Test/Content/Characters/Mannequins/Meshes/SK_Mannequin.uexp" 590
"../../../Engine/Content/Animation/DefaultAnimCurveCompressionSettings.uasset" 591
"../../../Engine/Content/Animation/DefaultAnimCurveCompressionSettings.uexp" 592
"../../../Engine/Content/Animation/DefaultAnimBoneCompressionSettings.uasset" 593
"../../../Engine/Content/Animation/DefaultAnimBoneCompressionSettings.uexp" 594
"C:/UE5CompleteProjects/EOS_TPP_Test/Content/Characters/Mannequins/Rigs/Poses/Quinn/Quinn_foot_l_anim.uasset" 595
"C:/UE5CompleteProjects/EOS_TPP_Test/Content/Characters/Mannequins/Rigs/Poses/Quinn/Quinn_foot_l_anim.uexp" 596
"C:/UE5CompleteProjects/EOS_TPP_Test/Content/Characters/Mannequins/Rigs/Poses/Quinn/Quinn_foot_l_pose.uasset" 597
"C:/UE5CompleteProjects/EOS_TPP_Test/Content/Characters/Mannequins/Rigs/Poses/Quinn/Quinn_foot_l_pose.uexp" 598
"C:/UE5CompleteProjects/EOS_TPP_Test/Content/Characters/Mannequins/Rigs/Poses/Quinn/Quinn_clavicle_l_anim.uasset" 599
"C:/UE5CompleteProjects/EOS_TPP_Test/Content/Characters/Mannequins/Rigs/Poses/Quinn/Quinn_clavicle_l_anim.uexp" 600
"C:/UE5CompleteProjects/EOS_TPP_Test/Content/Characters/Mannequins/Rigs/Poses/Quinn/Quinn_clavicle_l_pose.uasset" 601
"C:/UE5CompleteProjects/EOS_TPP_Test/Content/Characters/Mannequins/Rigs/Poses/Quinn/Quinn_clavicle_l_pose.uexp" 602
"C:/UE5CompleteProjects/EOS_TPP_Test/Content/Characters/Mannequins/Rigs/Poses/Quinn/Quinn_clavicle_r_anim.uasset" 603
"C:/UE5CompleteProjects/EOS_TPP_Test/Content/Characters/Mannequins/Rigs/Poses/Quinn/Quinn_clavicle_r_anim.uexp" 604
"C:/UE5CompleteProjects/EOS_TPP_Test/Content/Characters/Mannequins/Rigs/Poses/Quinn/Quinn_clavicle_r_pose.uasset" 605
"C:/UE5CompleteProjects/EOS_TPP_Test/Content/Characters/Mannequins/Rigs/Poses/Quinn/Quinn_clavicle_r_pose.uexp" 606
"C:/UE5CompleteProjects/EOS_TPP_Test/Content/Characters/Mannequins/Rigs/Poses/Quinn/Quinn_upperarm_l_anim.uasset" 607
"C:/UE5CompleteProjects/EOS_TPP_Test/Content/Characters/Mannequins/Rigs/Poses/Quinn/Quinn_upperarm_l_anim.uexp" 608
"C:/UE5CompleteProjects/EOS_TPP_Test/Content/Characters/Mannequins/Rigs/Poses/Quinn/Quinn_upperarm_l_pose.uasset" 609
"C:/UE5CompleteProjects/EOS_TPP_Test/Content/Characters/Mannequins/Rigs/Poses/Quinn/Quinn_upperarm_l_pose.uexp" 610
"C:/UE5CompleteProjects/EOS_TPP_Test/Content/Characters/Mannequins/Rigs/Poses/Quinn/Quinn_lowerarm_l_anim.uasset" 611
"C:/UE5CompleteProjects/EOS_TPP_Test/Content/Characters/Mannequins/Rigs/Poses/Quinn/Quinn_lowerarm_l_anim.uexp" 612
"C:/UE5CompleteProjects/EOS_TPP_Test/Content/Characters/Mannequins/Rigs/Poses/Quinn/Quinn_lowerarm_l_pose.uasset" 613
"C:/UE5CompleteProjects/EOS_TPP_Test/Content/Characters/Mannequins/Rigs/Poses/Quinn/Quinn_lowerarm_l_pose.uexp" 614
"C:/UE5CompleteProjects/EOS_TPP_Test/Content/Characters/Mannequins/Rigs/Poses/Quinn/Quinn_calf_l_anim.uasset" 615
"C:/UE5CompleteProjects/EOS_TPP_Test/Content/Characters/Mannequins/Rigs/Poses/Quinn/Quinn_calf_l_anim.uexp" 616
"C:/UE5CompleteProjects/EOS_TPP_Test/Content/Characters/Mannequins/Rigs/Poses/Quinn/Quinn_calf_l_pose.uasset" 617
"C:/UE5CompleteProjects/EOS_TPP_Test/Content/Characters/Mannequins/Rigs/Poses/Quinn/Quinn_calf_l_pose.uexp" 618
"../../../Engine/Plugins/Animation/ControlRig/Content/Controls/DefaultGizmoLibrary.uasset" 619
"../../../Engine/Plugins/Animation/ControlRig/Content/Controls/DefaultGizmoLibrary.uexp" 620
"C:/UE5CompleteProjects/EOS_TPP_Test/Content/Characters/Mannequins/Rigs/CR_Mannequin_Procedural.uasset" 621
"C:/UE5CompleteProjects/EOS_TPP_Test/Content/Characters/Mannequins/Rigs/CR_Mannequin_Procedural.uexp" 622
"C:/UE5CompleteProjects/EOS_TPP_Test/Content/Characters/Mannequins/Rigs/Poses/Quinn/Quinn_upperarm_r_anim.uasset" 623
"C:/UE5CompleteProjects/EOS_TPP_Test/Content/Characters/Mannequins/Rigs/Poses/Quinn/Quinn_upperarm_r_anim.uexp" 624
"C:/UE5CompleteProjects/EOS_TPP_Test/Content/Characters/Mannequins/Rigs/Poses/Quinn/Quinn_upperarm_r_pose.uasset" 625
"C:/UE5CompleteProjects/EOS_TPP_Test/Content/Characters/Mannequins/Rigs/Poses/Quinn/Quinn_upperarm_r_pose.uexp" 626
"C:/UE5CompleteProjects/EOS_TPP_Test/Content/Characters/Mannequins/Rigs/Poses/Quinn/Quinn_calf_r_anim.uasset" 627
"C:/UE5CompleteProjects/EOS_TPP_Test/Content/Characters/Mannequins/Rigs/Poses/Quinn/Quinn_calf_r_anim.uexp" 628
"C:/UE5CompleteProjects/EOS_TPP_Test/Content/Characters/Mannequins/Rigs/Poses/Quinn/Quinn_calf_r_pose.uasset" 629
"C:/UE5CompleteProjects/EOS_TPP_Test/Content/Characters/Mannequins/Rigs/Poses/Quinn/Quinn_calf_r_pose.uexp" 630
"C:/UE5CompleteProjects/EOS_TPP_Test/Content/Characters/Mannequins/Rigs/Poses/Quinn/Quinn_foot_r_anim.uasset" 631
"C:/UE5CompleteProjects/EOS_TPP_Test/Content/Characters/Mannequins/Rigs/Poses/Quinn/Quinn_foot_r_anim.uexp" 632
"C:/UE5CompleteProjects/EOS_TPP_Test/Content/Characters/Mannequins/Rigs/Poses/Quinn/Quinn_foot_r_pose.uasset" 633
"C:/UE5CompleteProjects/EOS_TPP_Test/Content/Characters/Mannequins/Rigs/Poses/Quinn/Quinn_foot_r_pose.uexp" 634
"C:/UE5CompleteProjects/EOS_TPP_Test/Content/Characters/Mannequins/Rigs/Poses/Quinn/Quinn_lowerarm_r_anim.uasset" 635
"C:/UE5CompleteProjects/EOS_TPP_Test/Content/Characters/Mannequins/Rigs/Poses/Quinn/Quinn_lowerarm_r_anim.uexp" 636
"C:/UE5CompleteProjects/EOS_TPP_Test/Content/Characters/Mannequins/Rigs/Poses/Quinn/Quinn_lowerarm_r_pose.uasset" 637
"C:/UE5CompleteProjects/EOS_TPP_Test/Content/Characters/Mannequins/Rigs/Poses/Quinn/Quinn_lowerarm_r_pose.uexp" 638
"C:/UE5CompleteProjects/EOS_TPP_Test/Content/Characters/Mannequins/Rigs/Poses/Quinn/Quinn_thigh_l_anim.uasset" 639
"C:/UE5CompleteProjects/EOS_TPP_Test/Content/Characters/Mannequins/Rigs/Poses/Quinn/Quinn_thigh_l_anim.uexp" 640
"C:/UE5CompleteProjects/EOS_TPP_Test/Content/Characters/Mannequins/Rigs/Poses/Quinn/Quinn_thigh_l_pose.uasset" 641
"C:/UE5CompleteProjects/EOS_TPP_Test/Content/Characters/Mannequins/Rigs/Poses/Quinn/Quinn_thigh_l_pose.uexp" 642
"C:/UE5CompleteProjects/EOS_TPP_Test/Content/Characters/Mannequins/Rigs/Poses/Quinn/Quinn_thigh_r_anim.uasset" 643
"C:/UE5CompleteProjects/EOS_TPP_Test/Content/Characters/Mannequins/Rigs/Poses/Quinn/Quinn_thigh_r_anim.uexp" 644
"C:/UE5CompleteProjects/EOS_TPP_Test/Content/Characters/Mannequins/Rigs/Poses/Quinn/Quinn_thigh_r_pose.uasset" 645
"C:/UE5CompleteProjects/EOS_TPP_Test/Content/Characters/Mannequins/Rigs/Poses/Quinn/Quinn_thigh_r_pose.uexp" 646
"C:/UE5CompleteProjects/EOS_TPP_Test/Content/Characters/Mannequins/Rigs/Poses/Quinn/Quinn_hand_l_anim.uasset" 647
"C:/UE5CompleteProjects/EOS_TPP_Test/Content/Characters/Mannequins/Rigs/Poses/Quinn/Quinn_hand_l_anim.uexp" 648
"C:/UE5CompleteProjects/EOS_TPP_Test/Content/Characters/Mannequins/Rigs/Poses/Quinn/Quinn_hand_l_pose.uasset" 649
"C:/UE5CompleteProjects/EOS_TPP_Test/Content/Characters/Mannequins/Rigs/Poses/Quinn/Quinn_hand_l_pose.uexp" 650
"C:/UE5CompleteProjects/EOS_TPP_Test/Content/Characters/Mannequins/Rigs/Poses/Quinn/Quinn_hand_r_anim.uasset" 651
"C:/UE5CompleteProjects/EOS_TPP_Test/Content/Characters/Mannequins/Rigs/Poses/Quinn/Quinn_hand_r_anim.uexp" 652
"C:/UE5CompleteProjects/EOS_TPP_Test/Content/Characters/Mannequins/Rigs/Poses/Quinn/Quinn_hand_r_pose.uasset" 653
"C:/UE5CompleteProjects/EOS_TPP_Test/Content/Characters/Mannequins/Rigs/Poses/Quinn/Quinn_hand_r_pose.uexp" 654
"C:/UE5CompleteProjects/EOS_TPP_Test/Content/Characters/Mannequins/Rigs/ABP_Quinn_PostProcess.uasset" 655
"C:/UE5CompleteProjects/EOS_TPP_Test/Content/Characters/Mannequins/Rigs/ABP_Quinn_PostProcess.uexp" 656
"C:/UE5CompleteProjects/EOS_TPP_Test/Content/Characters/Mannequins/Textures/Quinn/T_Quinn_02ID_MSR_MSK.ubulk" 657
"C:/UE5CompleteProjects/EOS_TPP_Test/Content/Characters/Mannequins/Textures/Quinn/T_Quinn_02ID_MSR_MSK.uasset" 658
"C:/UE5CompleteProjects/EOS_TPP_Test/Content/Characters/Mannequins/Textures/Quinn/T_Quinn_02ID_MSR_MSK.uexp" 659
"C:/UE5CompleteProjects/EOS_TPP_Test/Content/Characters/Mannequins/Textures/Quinn/T_Quinn_02ID_BN.ubulk" 660
"C:/UE5CompleteProjects/EOS_TPP_Test/Content/Characters/Mannequins/Textures/Quinn/T_Quinn_02ID_BN.uasset" 661
"C:/UE5CompleteProjects/EOS_TPP_Test/Content/Characters/Mannequins/Textures/Quinn/T_Quinn_02ID_BN.uexp" 662
"C:/UE5CompleteProjects/EOS_TPP_Test/Content/Characters/Mannequins/Textures/Quinn/T_Quinn_02_ASAOMASK_MSK.ubulk" 663
"C:/UE5CompleteProjects/EOS_TPP_Test/Content/Characters/Mannequins/Textures/Quinn/T_Quinn_02_ASAOMASK_MSK.uasset" 664
"C:/UE5CompleteProjects/EOS_TPP_Test/Content/Characters/Mannequins/Textures/Quinn/T_Quinn_02_ASAOMASK_MSK.uexp" 665
"C:/UE5CompleteProjects/EOS_TPP_Test/Content/Characters/Mannequins/Textures/Quinn/T_Quinn_02_CCRCCPlastic_MSK.ubulk" 666
"C:/UE5CompleteProjects/EOS_TPP_Test/Content/Characters/Mannequins/Textures/Quinn/T_Quinn_02_CCRCCPlastic_MSK.uasset" 667
"C:/UE5CompleteProjects/EOS_TPP_Test/Content/Characters/Mannequins/Textures/Quinn/T_Quinn_02_CCRCCPlastic_MSK.uexp" 668
"C:/UE5CompleteProjects/EOS_TPP_Test/Content/Characters/Mannequins/Textures/Quinn/T_Quinn_02ID_Tan.ubulk" 669
"C:/UE5CompleteProjects/EOS_TPP_Test/Content/Characters/Mannequins/Textures/Quinn/T_Quinn_02ID_Tan.uasset" 670
"C:/UE5CompleteProjects/EOS_TPP_Test/Content/Characters/Mannequins/Textures/Quinn/T_Quinn_02ID_Tan.uexp" 671
"C:/UE5CompleteProjects/EOS_TPP_Test/Content/Characters/Mannequins/Textures/Quinn/T_Quinn_02ID_D.ubulk" 672
"C:/UE5CompleteProjects/EOS_TPP_Test/Content/Characters/Mannequins/Textures/Quinn/T_Quinn_02ID_D.uasset" 673
"C:/UE5CompleteProjects/EOS_TPP_Test/Content/Characters/Mannequins/Textures/Quinn/T_Quinn_02ID_D.uexp" 674
"C:/UE5CompleteProjects/EOS_TPP_Test/Content/Characters/Mannequins/Textures/Quinn/T_Quinn_01ID_MSR_MSK.ubulk" 675
"C:/UE5CompleteProjects/EOS_TPP_Test/Content/Characters/Mannequins/Textures/Quinn/T_Quinn_01ID_MSR_MSK.uasset" 676
"C:/UE5CompleteProjects/EOS_TPP_Test/Content/Characters/Mannequins/Textures/Quinn/T_Quinn_01ID_MSR_MSK.uexp" 677
"C:/UE5CompleteProjects/EOS_TPP_Test/Content/Characters/Mannequins/Materials/Functions/ChromaticCurve.uasset" 678
"C:/UE5CompleteProjects/EOS_TPP_Test/Content/Characters/Mannequins/Materials/Functions/ChromaticCurve.uexp" 679
"C:/UE5CompleteProjects/EOS_TPP_Test/Content/Characters/Mannequins/Materials/Functions/CA_Mannequin.uasset" 680
"C:/UE5CompleteProjects/EOS_TPP_Test/Content/Characters/Mannequins/Materials/Functions/CA_Mannequin.uexp" 681
"C:/UE5CompleteProjects/EOS_TPP_Test/Content/Characters/Mannequins/Materials/Functions/MF_Diffraction.uasset" 682
"C:/UE5CompleteProjects/EOS_TPP_Test/Content/Characters/Mannequins/Materials/Functions/MF_Diffraction.uexp" 683
"C:/UE5CompleteProjects/EOS_TPP_Test/Content/Characters/Mannequins/Textures/Manny/T_Manny_01_N.ubulk" 684
"C:/UE5CompleteProjects/EOS_TPP_Test/Content/Characters/Mannequins/Textures/Manny/T_Manny_01_N.uasset" 685
"C:/UE5CompleteProjects/EOS_TPP_Test/Content/Characters/Mannequins/Textures/Manny/T_Manny_01_N.uexp" 686
"C:/UE5CompleteProjects/EOS_TPP_Test/Content/Characters/Mannequins/Materials/Functions/ML_BaseColorFallOff.uasset" 687
"C:/UE5CompleteProjects/EOS_TPP_Test/Content/Characters/Mannequins/Materials/Functions/ML_BaseColorFallOff.uexp" 688
"../../../Engine/Content/Functions/Engine_MaterialFunctions01/Texturing/ScaleUVsByCenter.uasset" 689
"../../../Engine/Content/Functions/Engine_MaterialFunctions01/Texturing/ScaleUVsByCenter.uexp" 690
"C:/UE5CompleteProjects/EOS_TPP_Test/Content/Characters/Mannequins/Textures/Shared/T_UE_Logo_M.uasset" 691
"C:/UE5CompleteProjects/EOS_TPP_Test/Content/Characters/Mannequins/Textures/Shared/T_UE_Logo_M.uexp" 692
"C:/UE5CompleteProjects/EOS_TPP_Test/Content/Characters/Mannequins/Materials/Functions/MF_logo3layers.uasset" 693
"C:/UE5CompleteProjects/EOS_TPP_Test/Content/Characters/Mannequins/Materials/Functions/MF_logo3layers.uexp" 694
"C:/UE5CompleteProjects/EOS_TPP_Test/Content/Characters/Mannequins/Textures/Manny/T_Manny_01_CCRCCPlastic_MSK.ubulk" 695
"C:/UE5CompleteProjects/EOS_TPP_Test/Content/Characters/Mannequins/Textures/Manny/T_Manny_01_CCRCCPlastic_MSK.uasset" 696
"C:/UE5CompleteProjects/EOS_TPP_Test/Content/Characters/Mannequins/Textures/Manny/T_Manny_01_CCRCCPlastic_MSK.uexp" 697
"C:/UE5CompleteProjects/EOS_TPP_Test/Content/Characters/Mannequins/Textures/Manny/T_Manny_01_ASAOPMASK_MSK.ubulk" 698
"C:/UE5CompleteProjects/EOS_TPP_Test/Content/Characters/Mannequins/Textures/Manny/T_Manny_01_ASAOPMASK_MSK.uasset" 699
"C:/UE5CompleteProjects/EOS_TPP_Test/Content/Characters/Mannequins/Textures/Manny/T_Manny_01_ASAOPMASK_MSK.uexp" 700
"C:/UE5CompleteProjects/EOS_TPP_Test/Content/Characters/Mannequins/Textures/Manny/T_Manny_01_MSR_MSK.ubulk" 701
"C:/UE5CompleteProjects/EOS_TPP_Test/Content/Characters/Mannequins/Textures/Manny/T_Manny_01_MSR_MSK.uasset" 702
"C:/UE5CompleteProjects/EOS_TPP_Test/Content/Characters/Mannequins/Textures/Manny/T_Manny_01_MSR_MSK.uexp" 703
"C:/UE5CompleteProjects/EOS_TPP_Test/Content/Characters/Mannequins/Textures/Manny/T_Manny_01_BN.ubulk" 704
"C:/UE5CompleteProjects/EOS_TPP_Test/Content/Characters/Mannequins/Textures/Manny/T_Manny_01_BN.uasset" 705
"C:/UE5CompleteProjects/EOS_TPP_Test/Content/Characters/Mannequins/Textures/Manny/T_Manny_01_BN.uexp" 706
"C:/UE5CompleteProjects/EOS_TPP_Test/Content/Characters/Mannequins/Textures/Manny/T_Manny_01_D.ubulk" 707
"C:/UE5CompleteProjects/EOS_TPP_Test/Content/Characters/Mannequins/Textures/Manny/T_Manny_01_D.uasset" 708
"C:/UE5CompleteProjects/EOS_TPP_Test/Content/Characters/Mannequins/Textures/Manny/T_Manny_01_D.uexp" 709
"C:/UE5CompleteProjects/EOS_TPP_Test/Content/Characters/Mannequins/Textures/Manny/T_Manny_01_Tan.ubulk" 710
"C:/UE5CompleteProjects/EOS_TPP_Test/Content/Characters/Mannequins/Textures/Manny/T_Manny_01_Tan.uasset" 711
"C:/UE5CompleteProjects/EOS_TPP_Test/Content/Characters/Mannequins/Textures/Manny/T_Manny_01_Tan.uexp" 712
"C:/UE5CompleteProjects/EOS_TPP_Test/Content/Characters/Mannequins/Materials/M_Mannequin.uasset" 713
"C:/UE5CompleteProjects/EOS_TPP_Test/Content/Characters/Mannequins/Materials/M_Mannequin.uexp" 714
"C:/UE5CompleteProjects/EOS_TPP_Test/Content/Characters/Mannequins/Textures/Quinn/T_Quinn_01_ASAOMASK_MSK.ubulk" 715
"C:/UE5CompleteProjects/EOS_TPP_Test/Content/Characters/Mannequins/Textures/Quinn/T_Quinn_01_ASAOMASK_MSK.uasset" 716
"C:/UE5CompleteProjects/EOS_TPP_Test/Content/Characters/Mannequins/Textures/Quinn/T_Quinn_01_ASAOMASK_MSK.uexp" 717
"C:/UE5CompleteProjects/EOS_TPP_Test/Content/Characters/Mannequins/Textures/Quinn/T_Quinn_01ID_N.ubulk" 718
"C:/UE5CompleteProjects/EOS_TPP_Test/Content/Characters/Mannequins/Textures/Quinn/T_Quinn_01ID_N.uasset" 719
"C:/UE5CompleteProjects/EOS_TPP_Test/Content/Characters/Mannequins/Textures/Quinn/T_Quinn_01ID_N.uexp" 720
"C:/UE5CompleteProjects/EOS_TPP_Test/Content/Characters/Mannequins/Textures/Quinn/T_Quinn_01ID_BN.ubulk" 721
"C:/UE5CompleteProjects/EOS_TPP_Test/Content/Characters/Mannequins/Textures/Quinn/T_Quinn_01ID_BN.uasset" 722
"C:/UE5CompleteProjects/EOS_TPP_Test/Content/Characters/Mannequins/Textures/Quinn/T_Quinn_01ID_BN.uexp" 723
"C:/UE5CompleteProjects/EOS_TPP_Test/Content/Characters/Mannequins/Textures/Quinn/T_Quinn_01ID_D.ubulk" 724
"C:/UE5CompleteProjects/EOS_TPP_Test/Content/Characters/Mannequins/Textures/Quinn/T_Quinn_01ID_D.uasset" 725
"C:/UE5CompleteProjects/EOS_TPP_Test/Content/Characters/Mannequins/Textures/Quinn/T_Quinn_01ID_D.uexp" 726
"C:/UE5CompleteProjects/EOS_TPP_Test/Content/Characters/Mannequins/Textures/Quinn/T_Quinn_01ID_Tan.ubulk" 727
"C:/UE5CompleteProjects/EOS_TPP_Test/Content/Characters/Mannequins/Textures/Quinn/T_Quinn_01ID_Tan.uasset" 728
"C:/UE5CompleteProjects/EOS_TPP_Test/Content/Characters/Mannequins/Textures/Quinn/T_Quinn_01ID_Tan.uexp" 729
"C:/UE5CompleteProjects/EOS_TPP_Test/Content/Characters/Mannequins/Textures/Quinn/T_Quinn_01_CCRCCPlastic_MSK.ubulk" 730
"C:/UE5CompleteProjects/EOS_TPP_Test/Content/Characters/Mannequins/Textures/Quinn/T_Quinn_01_CCRCCPlastic_MSK.uasset" 731
"C:/UE5CompleteProjects/EOS_TPP_Test/Content/Characters/Mannequins/Textures/Quinn/T_Quinn_01_CCRCCPlastic_MSK.uexp" 732
"C:/UE5CompleteProjects/EOS_TPP_Test/Content/Characters/Mannequins/Materials/Instances/Quinn/MI_Quinn_01.uasset" 733
"C:/UE5CompleteProjects/EOS_TPP_Test/Content/Characters/Mannequins/Materials/Instances/Quinn/MI_Quinn_01.uexp" 734
"C:/UE5CompleteProjects/EOS_TPP_Test/Content/Characters/Mannequins/Textures/Quinn/T_Quinn_02ID_N.ubulk" 735
"C:/UE5CompleteProjects/EOS_TPP_Test/Content/Characters/Mannequins/Textures/Quinn/T_Quinn_02ID_N.uasset" 736
"C:/UE5CompleteProjects/EOS_TPP_Test/Content/Characters/Mannequins/Textures/Quinn/T_Quinn_02ID_N.uexp" 737
"C:/UE5CompleteProjects/EOS_TPP_Test/Content/Characters/Mannequins/Materials/Instances/Quinn/MI_Quinn_02.uasset" 738
"C:/UE5CompleteProjects/EOS_TPP_Test/Content/Characters/Mannequins/Materials/Instances/Quinn/MI_Quinn_02.uexp" 739
"C:/UE5CompleteProjects/EOS_TPP_Test/Content/Characters/Mannequins/Rigs/PA_Mannequin.uasset" 740
"C:/UE5CompleteProjects/EOS_TPP_Test/Content/Characters/Mannequins/Rigs/PA_Mannequin.uexp" 741
"C:/UE5CompleteProjects/EOS_TPP_Test/Content/Characters/Mannequins/Meshes/SKM_Quinn.uasset" 742
"C:/UE5CompleteProjects/EOS_TPP_Test/Content/Characters/Mannequins/Meshes/SKM_Quinn.uexp" 743
"C:/UE5CompleteProjects/EOS_TPP_Test/Content/Characters/Mannequins/Textures/Manny/T_Manny_02_MSR_MSK.ubulk" 744
"C:/UE5CompleteProjects/EOS_TPP_Test/Content/Characters/Mannequins/Textures/Manny/T_Manny_02_MSR_MSK.uasset" 745
"C:/UE5CompleteProjects/EOS_TPP_Test/Content/Characters/Mannequins/Textures/Manny/T_Manny_02_MSR_MSK.uexp" 746
"C:/UE5CompleteProjects/EOS_TPP_Test/Content/Characters/Mannequins/Textures/Manny/T_Manny_02_CCRCCPlastic_MSK.ubulk" 747
"C:/UE5CompleteProjects/EOS_TPP_Test/Content/Characters/Mannequins/Textures/Manny/T_Manny_02_CCRCCPlastic_MSK.uasset" 748
"C:/UE5CompleteProjects/EOS_TPP_Test/Content/Characters/Mannequins/Textures/Manny/T_Manny_02_CCRCCPlastic_MSK.uexp" 749
"C:/UE5CompleteProjects/EOS_TPP_Test/Content/Characters/Mannequins/Textures/Manny/T_Manny_02_Tan.ubulk" 750
"C:/UE5CompleteProjects/EOS_TPP_Test/Content/Characters/Mannequins/Textures/Manny/T_Manny_02_Tan.uasset" 751
"C:/UE5CompleteProjects/EOS_TPP_Test/Content/Characters/Mannequins/Textures/Manny/T_Manny_02_Tan.uexp" 752
"C:/UE5CompleteProjects/EOS_TPP_Test/Content/Characters/Mannequins/Textures/Manny/T_Manny_02_N.ubulk" 753
"C:/UE5CompleteProjects/EOS_TPP_Test/Content/Characters/Mannequins/Textures/Manny/T_Manny_02_N.uasset" 754
"C:/UE5CompleteProjects/EOS_TPP_Test/Content/Characters/Mannequins/Textures/Manny/T_Manny_02_N.uexp" 755
"C:/UE5CompleteProjects/EOS_TPP_Test/Content/Characters/Mannequins/Materials/Instances/Manny/MI_Manny_01.uasset" 756
"C:/UE5CompleteProjects/EOS_TPP_Test/Content/Characters/Mannequins/Materials/Instances/Manny/MI_Manny_01.uexp" 757
"C:/UE5CompleteProjects/EOS_TPP_Test/Content/Characters/Mannequins/Textures/Manny/T_Manny_02_BN.ubulk" 758
"C:/UE5CompleteProjects/EOS_TPP_Test/Content/Characters/Mannequins/Textures/Manny/T_Manny_02_BN.uasset" 759
"C:/UE5CompleteProjects/EOS_TPP_Test/Content/Characters/Mannequins/Textures/Manny/T_Manny_02_BN.uexp" 760
"C:/UE5CompleteProjects/EOS_TPP_Test/Content/Characters/Mannequins/Textures/Manny/T_Manny_02_ASAOPMASK_MSK.ubulk" 761
"C:/UE5CompleteProjects/EOS_TPP_Test/Content/Characters/Mannequins/Textures/Manny/T_Manny_02_ASAOPMASK_MSK.uasset" 762
"C:/UE5CompleteProjects/EOS_TPP_Test/Content/Characters/Mannequins/Textures/Manny/T_Manny_02_ASAOPMASK_MSK.uexp" 763
"C:/UE5CompleteProjects/EOS_TPP_Test/Content/Characters/Mannequins/Textures/Manny/T_Manny_02_D.ubulk" 764
"C:/UE5CompleteProjects/EOS_TPP_Test/Content/Characters/Mannequins/Textures/Manny/T_Manny_02_D.uasset" 765
"C:/UE5CompleteProjects/EOS_TPP_Test/Content/Characters/Mannequins/Textures/Manny/T_Manny_02_D.uexp" 766
"C:/UE5CompleteProjects/EOS_TPP_Test/Content/Characters/Mannequins/Materials/Instances/Manny/MI_Manny_02.uasset" 767
"C:/UE5CompleteProjects/EOS_TPP_Test/Content/Characters/Mannequins/Materials/Instances/Manny/MI_Manny_02.uexp" 768
"C:/UE5CompleteProjects/EOS_TPP_Test/Content/Characters/Mannequins/Meshes/SKM_Manny_Simple.uasset" 769
"C:/UE5CompleteProjects/EOS_TPP_Test/Content/Characters/Mannequins/Meshes/SKM_Manny_Simple.uexp" 770
"C:/UE5CompleteProjects/EOS_TPP_Test/Content/Characters/Mannequins/Meshes/Mannequin_LODSettings.uasset" 771
"C:/UE5CompleteProjects/EOS_TPP_Test/Content/Characters/Mannequins/Meshes/Mannequin_LODSettings.uexp" 772
"C:/UE5CompleteProjects/EOS_TPP_Test/Content/Characters/Mannequins/Rigs/Poses/Manny/Manny_foot_l_anim.uasset" 773
"C:/UE5CompleteProjects/EOS_TPP_Test/Content/Characters/Mannequins/Rigs/Poses/Manny/Manny_foot_l_anim.uexp" 774
"C:/UE5CompleteProjects/EOS_TPP_Test/Content/Characters/Mannequins/Rigs/Poses/Manny/Manny_foot_l_pose.uasset" 775
"C:/UE5CompleteProjects/EOS_TPP_Test/Content/Characters/Mannequins/Rigs/Poses/Manny/Manny_foot_l_pose.uexp" 776
"C:/UE5CompleteProjects/EOS_TPP_Test/Content/Characters/Mannequins/Rigs/Poses/Manny/Manny_thigh_r_anim.uasset" 777
"C:/UE5CompleteProjects/EOS_TPP_Test/Content/Characters/Mannequins/Rigs/Poses/Manny/Manny_thigh_r_anim.uexp" 778
"C:/UE5CompleteProjects/EOS_TPP_Test/Content/Characters/Mannequins/Rigs/Poses/Manny/Manny_thigh_r_pose.uasset" 779
"C:/UE5CompleteProjects/EOS_TPP_Test/Content/Characters/Mannequins/Rigs/Poses/Manny/Manny_thigh_r_pose.uexp" 780
"C:/UE5CompleteProjects/EOS_TPP_Test/Content/Characters/Mannequins/Rigs/Poses/Manny/Manny_hand_r_anim.uasset" 781
"C:/UE5CompleteProjects/EOS_TPP_Test/Content/Characters/Mannequins/Rigs/Poses/Manny/Manny_hand_r_anim.uexp" 782
"C:/UE5CompleteProjects/EOS_TPP_Test/Content/Characters/Mannequins/Rigs/Poses/Manny/Manny_hand_r_pose.uasset" 783
"C:/UE5CompleteProjects/EOS_TPP_Test/Content/Characters/Mannequins/Rigs/Poses/Manny/Manny_hand_r_pose.uexp" 784
"C:/UE5CompleteProjects/EOS_TPP_Test/Content/Characters/Mannequins/Rigs/Poses/Manny/Manny_clavicle_l_anim.uasset" 785
"C:/UE5CompleteProjects/EOS_TPP_Test/Content/Characters/Mannequins/Rigs/Poses/Manny/Manny_clavicle_l_anim.uexp" 786
"C:/UE5CompleteProjects/EOS_TPP_Test/Content/Characters/Mannequins/Rigs/Poses/Manny/Manny_clavicle_l_pose.uasset" 787
"C:/UE5CompleteProjects/EOS_TPP_Test/Content/Characters/Mannequins/Rigs/Poses/Manny/Manny_clavicle_l_pose.uexp" 788
"C:/UE5CompleteProjects/EOS_TPP_Test/Content/Characters/Mannequins/Rigs/Poses/Manny/Manny_calf_l_anim.uasset" 789
"C:/UE5CompleteProjects/EOS_TPP_Test/Content/Characters/Mannequins/Rigs/Poses/Manny/Manny_calf_l_anim.uexp" 790
"C:/UE5CompleteProjects/EOS_TPP_Test/Content/Characters/Mannequins/Rigs/Poses/Manny/Manny_calf_l_pose.uasset" 791
"C:/UE5CompleteProjects/EOS_TPP_Test/Content/Characters/Mannequins/Rigs/Poses/Manny/Manny_calf_l_pose.uexp" 792
"C:/UE5CompleteProjects/EOS_TPP_Test/Content/Characters/Mannequins/Rigs/Poses/Manny/Manny_hand_l_anim.uasset" 793
"C:/UE5CompleteProjects/EOS_TPP_Test/Content/Characters/Mannequins/Rigs/Poses/Manny/Manny_hand_l_anim.uexp" 794
"C:/UE5CompleteProjects/EOS_TPP_Test/Content/Characters/Mannequins/Rigs/Poses/Manny/Manny_hand_l_pose.uasset" 795
"C:/UE5CompleteProjects/EOS_TPP_Test/Content/Characters/Mannequins/Rigs/Poses/Manny/Manny_hand_l_pose.uexp" 796
"C:/UE5CompleteProjects/EOS_TPP_Test/Content/Characters/Mannequins/Rigs/Poses/Manny/Manny_upperarm_r_anim.uasset" 797
"C:/UE5CompleteProjects/EOS_TPP_Test/Content/Characters/Mannequins/Rigs/Poses/Manny/Manny_upperarm_r_anim.uexp" 798
"C:/UE5CompleteProjects/EOS_TPP_Test/Content/Characters/Mannequins/Rigs/Poses/Manny/Manny_upperarm_r_pose.uasset" 799
"C:/UE5CompleteProjects/EOS_TPP_Test/Content/Characters/Mannequins/Rigs/Poses/Manny/Manny_upperarm_r_pose.uexp" 800
"C:/UE5CompleteProjects/EOS_TPP_Test/Content/Characters/Mannequins/Rigs/Poses/Manny/Manny_lowerarm_r_anim.uasset" 801
"C:/UE5CompleteProjects/EOS_TPP_Test/Content/Characters/Mannequins/Rigs/Poses/Manny/Manny_lowerarm_r_anim.uexp" 802
"C:/UE5CompleteProjects/EOS_TPP_Test/Content/Characters/Mannequins/Rigs/Poses/Manny/Manny_lowerarm_r_pose.uasset" 803
"C:/UE5CompleteProjects/EOS_TPP_Test/Content/Characters/Mannequins/Rigs/Poses/Manny/Manny_lowerarm_r_pose.uexp" 804
"C:/UE5CompleteProjects/EOS_TPP_Test/Content/Characters/Mannequins/Rigs/Poses/Manny/Manny_calf_r_anim.uasset" 805
"C:/UE5CompleteProjects/EOS_TPP_Test/Content/Characters/Mannequins/Rigs/Poses/Manny/Manny_calf_r_anim.uexp" 806
"C:/UE5CompleteProjects/EOS_TPP_Test/Content/Characters/Mannequins/Rigs/Poses/Manny/Manny_calf_r_pose.uasset" 807
"C:/UE5CompleteProjects/EOS_TPP_Test/Content/Characters/Mannequins/Rigs/Poses/Manny/Manny_calf_r_pose.uexp" 808
"C:/UE5CompleteProjects/EOS_TPP_Test/Content/Characters/Mannequins/Rigs/Poses/Manny/Manny_foot_r_anim.uasset" 809
"C:/UE5CompleteProjects/EOS_TPP_Test/Content/Characters/Mannequins/Rigs/Poses/Manny/Manny_foot_r_anim.uexp" 810
"C:/UE5CompleteProjects/EOS_TPP_Test/Content/Characters/Mannequins/Rigs/Poses/Manny/Manny_foot_r_pose.uasset" 811
"C:/UE5CompleteProjects/EOS_TPP_Test/Content/Characters/Mannequins/Rigs/Poses/Manny/Manny_foot_r_pose.uexp" 812
"C:/UE5CompleteProjects/EOS_TPP_Test/Content/Characters/Mannequins/Rigs/Poses/Manny/Manny_lowerarm_l_anim.uasset" 813
"C:/UE5CompleteProjects/EOS_TPP_Test/Content/Characters/Mannequins/Rigs/Poses/Manny/Manny_lowerarm_l_anim.uexp" 814
"C:/UE5CompleteProjects/EOS_TPP_Test/Content/Characters/Mannequins/Rigs/Poses/Manny/Manny_lowerarm_l_pose.uasset" 815
"C:/UE5CompleteProjects/EOS_TPP_Test/Content/Characters/Mannequins/Rigs/Poses/Manny/Manny_lowerarm_l_pose.uexp" 816
"C:/UE5CompleteProjects/EOS_TPP_Test/Content/Characters/Mannequins/Rigs/Poses/Manny/Manny_clavicle_r_anim.uasset" 817
"C:/UE5CompleteProjects/EOS_TPP_Test/Content/Characters/Mannequins/Rigs/Poses/Manny/Manny_clavicle_r_anim.uexp" 818
"C:/UE5CompleteProjects/EOS_TPP_Test/Content/Characters/Mannequins/Rigs/Poses/Manny/Manny_clavicle_r_pose.uasset" 819
"C:/UE5CompleteProjects/EOS_TPP_Test/Content/Characters/Mannequins/Rigs/Poses/Manny/Manny_clavicle_r_pose.uexp" 820
"C:/UE5CompleteProjects/EOS_TPP_Test/Content/Characters/Mannequins/Rigs/Poses/Manny/Manny_thigh_l_anim.uasset" 821
"C:/UE5CompleteProjects/EOS_TPP_Test/Content/Characters/Mannequins/Rigs/Poses/Manny/Manny_thigh_l_anim.uexp" 822
"C:/UE5CompleteProjects/EOS_TPP_Test/Content/Characters/Mannequins/Rigs/Poses/Manny/Manny_thigh_l_pose.uasset" 823
"C:/UE5CompleteProjects/EOS_TPP_Test/Content/Characters/Mannequins/Rigs/Poses/Manny/Manny_thigh_l_pose.uexp" 824
"C:/UE5CompleteProjects/EOS_TPP_Test/Content/Characters/Mannequins/Rigs/Poses/Manny/Manny_upperarm_l_anim.uasset" 825
"C:/UE5CompleteProjects/EOS_TPP_Test/Content/Characters/Mannequins/Rigs/Poses/Manny/Manny_upperarm_l_anim.uexp" 826
"C:/UE5CompleteProjects/EOS_TPP_Test/Content/Characters/Mannequins/Rigs/Poses/Manny/Manny_upperarm_l_pose.uasset" 827
"C:/UE5CompleteProjects/EOS_TPP_Test/Content/Characters/Mannequins/Rigs/Poses/Manny/Manny_upperarm_l_pose.uexp" 828
"C:/UE5CompleteProjects/EOS_TPP_Test/Content/Characters/Mannequins/Rigs/ABP_Manny_PostProcess.uasset" 829
"C:/UE5CompleteProjects/EOS_TPP_Test/Content/Characters/Mannequins/Rigs/ABP_Manny_PostProcess.uexp" 830
"C:/UE5CompleteProjects/EOS_TPP_Test/Content/Characters/Mannequins/Meshes/SKM_Manny.uasset" 831
"C:/UE5CompleteProjects/EOS_TPP_Test/Content/Characters/Mannequins/Meshes/SKM_Manny.uexp" 832
"C:/UE5CompleteProjects/EOS_TPP_Test/Content/Characters/Mannequins/Rigs/IK_Mannequin.uasset" 833
"C:/UE5CompleteProjects/EOS_TPP_Test/Content/Characters/Mannequins/Rigs/IK_Mannequin.uexp" 834
"C:/UE5CompleteProjects/EOS_TPP_Test/Content/Characters/Mannequins/Rigs/RTG_Mannequin.uasset" 835
"C:/UE5CompleteProjects/EOS_TPP_Test/Content/Characters/Mannequins/Rigs/RTG_Mannequin.uexp" 836
"../../../Engine/Plugins/Animation/ControlRig/Content/Controls/DefaultGizmoLibraryNormalized.uasset" 837
"../../../Engine/Plugins/Animation/ControlRig/Content/Controls/DefaultGizmoLibraryNormalized.uexp" 838
"C:/UE5CompleteProjects/EOS_TPP_Test/Content/Characters/Mannequins/Rigs/CR_Mannequin_Body.uasset" 839
"C:/UE5CompleteProjects/EOS_TPP_Test/Content/Characters/Mannequins/Rigs/CR_Mannequin_Body.uexp" 840
"C:/UE5CompleteProjects/EOS_TPP_Test/Content/Characters/Mannequin_UE4/Meshes/SK_Mannequin_Skeleton.uasset" 841
"C:/UE5CompleteProjects/EOS_TPP_Test/Content/Characters/Mannequin_UE4/Meshes/SK_Mannequin_Skeleton.uexp" 842
"C:/UE5CompleteProjects/EOS_TPP_Test/Content/Characters/Mannequin_UE4/Animations/Jog_Fwd.uasset" 843
"C:/UE5CompleteProjects/EOS_TPP_Test/Content/Characters/Mannequin_UE4/Animations/Jog_Fwd.uexp" 844
"C:/UE5CompleteProjects/EOS_TPP_Test/Content/Characters/Mannequin_UE4/Textures/T_UELogo_N_TGA.ubulk" 845
"C:/UE5CompleteProjects/EOS_TPP_Test/Content/Characters/Mannequin_UE4/Textures/T_UELogo_N_TGA.uasset" 846
"C:/UE5CompleteProjects/EOS_TPP_Test/Content/Characters/Mannequin_UE4/Textures/T_UELogo_N_TGA.uexp" 847
"C:/UE5CompleteProjects/EOS_TPP_Test/Content/Characters/Mannequin_UE4/Textures/T_UE4_Mannequin__normals.ubulk" 848
"C:/UE5CompleteProjects/EOS_TPP_Test/Content/Characters/Mannequin_UE4/Textures/T_UE4_Mannequin__normals.uasset" 849
"C:/UE5CompleteProjects/EOS_TPP_Test/Content/Characters/Mannequin_UE4/Textures/T_UE4_Mannequin__normals.uexp" 850
"C:/UE5CompleteProjects/EOS_TPP_Test/Content/Characters/Mannequin_UE4/Materials/Layers/ML_ShinyPlastic_Beige.uasset" 851
"C:/UE5CompleteProjects/EOS_TPP_Test/Content/Characters/Mannequin_UE4/Materials/Layers/ML_ShinyPlastic_Beige.uexp" 852
"../../../Engine/Content/Functions/Engine_MaterialFunctions02/Utility/BlendAngleCorrectedNormals.uasset" 853
"../../../Engine/Content/Functions/Engine_MaterialFunctions02/Utility/BlendAngleCorrectedNormals.uexp" 854
"../../../Engine/Content/Functions/MaterialLayerFunctions/MatLayerBlend_NormalBlend.uasset" 855
"../../../Engine/Content/Functions/MaterialLayerFunctions/MatLayerBlend_NormalBlend.uexp" 856
"C:/UE5CompleteProjects/EOS_TPP_Test/Content/Characters/Mannequin_UE4/Textures/T_UELogo_Mask.ubulk" 857
"C:/UE5CompleteProjects/EOS_TPP_Test/Content/Characters/Mannequin_UE4/Textures/T_UELogo_Mask.uasset" 858
"C:/UE5CompleteProjects/EOS_TPP_Test/Content/Characters/Mannequin_UE4/Textures/T_UELogo_Mask.uexp" 859
"C:/UE5CompleteProjects/EOS_TPP_Test/Content/Characters/Mannequin_UE4/Materials/Layers/ML_ShinyPlastic_Beige_Logo.uasset" 860
"C:/UE5CompleteProjects/EOS_TPP_Test/Content/Characters/Mannequin_UE4/Materials/Layers/ML_ShinyPlastic_Beige_Logo.uexp" 861
"C:/UE5CompleteProjects/EOS_TPP_Test/Content/Characters/Mannequin_UE4/Textures/T_UE4_Mannequin_MAT_MASKA.ubulk" 862
"C:/UE5CompleteProjects/EOS_TPP_Test/Content/Characters/Mannequin_UE4/Textures/T_UE4_Mannequin_MAT_MASKA.uasset" 863
"C:/UE5CompleteProjects/EOS_TPP_Test/Content/Characters/Mannequin_UE4/Textures/T_UE4_Mannequin_MAT_MASKA.uexp" 864
"C:/UE5CompleteProjects/EOS_TPP_Test/Content/Characters/Mannequin_UE4/Textures/T_ML_Aluminum01_N.ubulk" 865
"C:/UE5CompleteProjects/EOS_TPP_Test/Content/Characters/Mannequin_UE4/Textures/T_ML_Aluminum01_N.uasset" 866
"C:/UE5CompleteProjects/EOS_TPP_Test/Content/Characters/Mannequin_UE4/Textures/T_ML_Aluminum01_N.uexp" 867
"C:/UE5CompleteProjects/EOS_TPP_Test/Content/Characters/Mannequin_UE4/Textures/T_ML_Aluminum01.ubulk" 868
"C:/UE5CompleteProjects/EOS_TPP_Test/Content/Characters/Mannequin_UE4/Textures/T_ML_Aluminum01.uasset" 869
"C:/UE5CompleteProjects/EOS_TPP_Test/Content/Characters/Mannequin_UE4/Textures/T_ML_Aluminum01.uexp" 870
"C:/UE5CompleteProjects/EOS_TPP_Test/Content/Characters/Mannequin_UE4/Materials/Layers/ML_SoftMetal.uasset" 871
"C:/UE5CompleteProjects/EOS_TPP_Test/Content/Characters/Mannequin_UE4/Materials/Layers/ML_SoftMetal.uexp" 872
"../../../Engine/Content/Functions/MaterialLayerFunctions/MatLayerBlend_Simple.uasset" 873
"../../../Engine/Content/Functions/MaterialLayerFunctions/MatLayerBlend_Simple.uexp" 874
"C:/UE5CompleteProjects/EOS_TPP_Test/Content/Characters/Mannequin_UE4/Textures/T_ML_Rubber_Blue_01_N.ubulk" 875
"C:/UE5CompleteProjects/EOS_TPP_Test/Content/Characters/Mannequin_UE4/Textures/T_ML_Rubber_Blue_01_N.uasset" 876
"C:/UE5CompleteProjects/EOS_TPP_Test/Content/Characters/Mannequin_UE4/Textures/T_ML_Rubber_Blue_01_N.uexp" 877
"C:/UE5CompleteProjects/EOS_TPP_Test/Content/Characters/Mannequin_UE4/Textures/T_ML_Rubber_Blue_01_D.ubulk" 878
"C:/UE5CompleteProjects/EOS_TPP_Test/Content/Characters/Mannequin_UE4/Textures/T_ML_Rubber_Blue_01_D.uasset" 879
"C:/UE5CompleteProjects/EOS_TPP_Test/Content/Characters/Mannequin_UE4/Textures/T_ML_Rubber_Blue_01_D.uexp" 880
"C:/UE5CompleteProjects/EOS_TPP_Test/Content/Characters/Mannequin_UE4/Materials/Layers/ML_Latex_Black.uasset" 881
"C:/UE5CompleteProjects/EOS_TPP_Test/Content/Characters/Mannequin_UE4/Materials/Layers/ML_Latex_Black.uexp" 882
"C:/UE5CompleteProjects/EOS_TPP_Test/Content/Characters/Mannequin_UE4/Materials/M_MannequinUE4_Body.uasset" 883
"C:/UE5CompleteProjects/EOS_TPP_Test/Content/Characters/Mannequin_UE4/Materials/M_MannequinUE4_Body.uexp" 884
"C:/UE5CompleteProjects/EOS_TPP_Test/Content/Characters/Mannequin_UE4/Materials/M_MannequinUE4_ChestLogo.uasset" 885
"C:/UE5CompleteProjects/EOS_TPP_Test/Content/Characters/Mannequin_UE4/Materials/M_MannequinUE4_ChestLogo.uexp" 886
"C:/UE5CompleteProjects/EOS_TPP_Test/Content/Characters/Mannequin_UE4/Meshes/SK_Mannequin_PhysicsAsset.uasset" 887
"C:/UE5CompleteProjects/EOS_TPP_Test/Content/Characters/Mannequin_UE4/Meshes/SK_Mannequin_PhysicsAsset.uexp" 888
"C:/UE5CompleteProjects/EOS_TPP_Test/Content/Characters/Mannequin_UE4/Meshes/SK_Mannequin.uasset" 889
"C:/UE5CompleteProjects/EOS_TPP_Test/Content/Characters/Mannequin_UE4/Meshes/SK_Mannequin.uexp" 890
"C:/UE5CompleteProjects/EOS_TPP_Test/Content/Characters/Mannequin_UE4/Rigs/IK_UE4_Mannequin.uasset" 891
"C:/UE5CompleteProjects/EOS_TPP_Test/Content/Characters/Mannequin_UE4/Rigs/IK_UE4_Mannequin.uexp" 892
"C:/UE5CompleteProjects/EOS_TPP_Test/Content/Characters/Mannequin_UE4/Rigs/RTG_UE5Manny_UE4Manny.uasset" 893
"C:/UE5CompleteProjects/EOS_TPP_Test/Content/Characters/Mannequin_UE4/Rigs/RTG_UE5Manny_UE4Manny.uexp" 894
"C:/UE5CompleteProjects/EOS_TPP_Test/Content/Characters/Mannequin_UE4/Rigs/RTG_UE4Manny_UE5Manny.uasset" 895
"C:/UE5CompleteProjects/EOS_TPP_Test/Content/Characters/Mannequin_UE4/Rigs/RTG_UE4Manny_UE5Manny.uexp" 896
"C:/UE5CompleteProjects/EOS_TPP_Test/Content/LevelPrototyping/Textures/T_GridChecker_A.ubulk" 897
"C:/UE5CompleteProjects/EOS_TPP_Test/Content/LevelPrototyping/Textures/T_GridChecker_A.uasset" 898
"C:/UE5CompleteProjects/EOS_TPP_Test/Content/LevelPrototyping/Textures/T_GridChecker_A.uexp" 899
"../../../Engine/Content/Functions/Engine_MaterialFunctions01/Gradient/LinearGradient.uasset" 900
"../../../Engine/Content/Functions/Engine_MaterialFunctions01/Gradient/LinearGradient.uexp" 901
"../../../Engine/Content/Functions/Engine_MaterialFunctions01/ImageAdjustment/CheapContrast.uasset" 902
"../../../Engine/Content/Functions/Engine_MaterialFunctions01/ImageAdjustment/CheapContrast.uexp" 903
"C:/UE5CompleteProjects/EOS_TPP_Test/Content/LevelPrototyping/Materials/MF_ProcGrid.uasset" 904
"C:/UE5CompleteProjects/EOS_TPP_Test/Content/LevelPrototyping/Materials/MF_ProcGrid.uexp" 905
"C:/UE5CompleteProjects/EOS_TPP_Test/Content/LevelPrototyping/Materials/M_PrototypeGrid.uasset" 906
"C:/UE5CompleteProjects/EOS_TPP_Test/Content/LevelPrototyping/Materials/M_PrototypeGrid.uexp" 907
"C:/UE5CompleteProjects/EOS_TPP_Test/Content/LevelPrototyping/Materials/MI_PrototypeGrid_TopDark.uasset" 908
"C:/UE5CompleteProjects/EOS_TPP_Test/Content/LevelPrototyping/Materials/MI_PrototypeGrid_TopDark.uexp" 909
"C:/UE5CompleteProjects/EOS_TPP_Test/Content/LevelPrototyping/Materials/MI_PrototypeGrid_Gray_02.uasset" 910
"C:/UE5CompleteProjects/EOS_TPP_Test/Content/LevelPrototyping/Materials/MI_PrototypeGrid_Gray_02.uexp" 911
"C:/UE5CompleteProjects/EOS_TPP_Test/Content/LevelPrototyping/Materials/MI_PrototypeGrid_Gray.uasset" 912
"C:/UE5CompleteProjects/EOS_TPP_Test/Content/LevelPrototyping/Materials/MI_PrototypeGrid_Gray.uexp" 913
"C:/UE5CompleteProjects/EOS_TPP_Test/Content/LevelPrototyping/Meshes/SM_Ramp.ubulk" 914
"C:/UE5CompleteProjects/EOS_TPP_Test/Content/LevelPrototyping/Meshes/SM_Ramp.uasset" 915
"C:/UE5CompleteProjects/EOS_TPP_Test/Content/LevelPrototyping/Meshes/SM_Ramp.uexp" 916
"C:/UE5CompleteProjects/EOS_TPP_Test/Content/LevelPrototyping/Meshes/SM_QuarterCylinder.ubulk" 917
"C:/UE5CompleteProjects/EOS_TPP_Test/Content/LevelPrototyping/Meshes/SM_QuarterCylinder.uasset" 918
"C:/UE5CompleteProjects/EOS_TPP_Test/Content/LevelPrototyping/Meshes/SM_QuarterCylinder.uexp" 919
"C:/UE5CompleteProjects/EOS_TPP_Test/Content/LevelPrototyping/Meshes/SM_Cylinder.ubulk" 920
"C:/UE5CompleteProjects/EOS_TPP_Test/Content/LevelPrototyping/Meshes/SM_Cylinder.uasset" 921
"C:/UE5CompleteProjects/EOS_TPP_Test/Content/LevelPrototyping/Meshes/SM_Cylinder.uexp" 922
"C:/UE5CompleteProjects/EOS_TPP_Test/Content/LevelPrototyping/Meshes/SM_Cube.ubulk" 923
"C:/UE5CompleteProjects/EOS_TPP_Test/Content/LevelPrototyping/Meshes/SM_Cube.uasset" 924
"C:/UE5CompleteProjects/EOS_TPP_Test/Content/LevelPrototyping/Meshes/SM_Cube.uexp" 925
"C:/UE5CompleteProjects/EOS_TPP_Test/Content/LevelPrototyping/Materials/M_Solid.uasset" 926
"C:/UE5CompleteProjects/EOS_TPP_Test/Content/LevelPrototyping/Materials/M_Solid.uexp" 927
"C:/UE5CompleteProjects/EOS_TPP_Test/Content/LevelPrototyping/Materials/MI_Solid_Blue.uasset" 928
"C:/UE5CompleteProjects/EOS_TPP_Test/Content/LevelPrototyping/Materials/MI_Solid_Blue.uexp" 929
"C:/UE5CompleteProjects/EOS_TPP_Test/Content/LevelPrototyping/Meshes/SM_ChamferCube.ubulk" 930
"C:/UE5CompleteProjects/EOS_TPP_Test/Content/LevelPrototyping/Meshes/SM_ChamferCube.uasset" 931
"C:/UE5CompleteProjects/EOS_TPP_Test/Content/LevelPrototyping/Meshes/SM_ChamferCube.uexp" 932
"C:/UE5CompleteProjects/EOS_TPP_Test/Content/ThirdPerson/Maps/ThirdPersonMap_BuiltData.ubulk" 933
"C:/UE5CompleteProjects/EOS_TPP_Test/Content/ThirdPerson/Maps/ThirdPersonMap_BuiltData.uasset" 934
"C:/UE5CompleteProjects/EOS_TPP_Test/Content/ThirdPerson/Maps/ThirdPersonMap_BuiltData.uexp" 935
"C:/UE5CompleteProjects/EOS_TPP_Test/Content/Characters/Mannequins/Meshes/SKM_Quinn_Simple.uasset" 936
"C:/UE5CompleteProjects/EOS_TPP_Test/Content/Characters/Mannequins/Meshes/SKM_Quinn_Simple.uexp" 937
"C:/UE5CompleteProjects/EOS_TPP_Test/Content/Characters/Mannequins/Animations/Quinn/MF_Run_Fwd.uasset" 938
"C:/UE5CompleteProjects/EOS_TPP_Test/Content/Characters/Mannequins/Animations/Quinn/MF_Run_Fwd.uexp" 939
"C:/UE5CompleteProjects/EOS_TPP_Test/Content/Characters/Mannequins/Animations/Quinn/MF_Walk_Fwd.uasset" 940
"C:/UE5CompleteProjects/EOS_TPP_Test/Content/Characters/Mannequins/Animations/Quinn/MF_Walk_Fwd.uexp" 941
"../../../Engine/Content/Animation/DefaultRecorderBoneCompression.uasset" 942
"../../../Engine/Content/Animation/DefaultRecorderBoneCompression.uexp" 943
"C:/UE5CompleteProjects/EOS_TPP_Test/Content/Characters/Mannequins/Animations/Manny/MM_Walk_InPlace.uasset" 944
"C:/UE5CompleteProjects/EOS_TPP_Test/Content/Characters/Mannequins/Animations/Manny/MM_Walk_InPlace.uexp" 945
"C:/UE5CompleteProjects/EOS_TPP_Test/Content/Characters/Mannequins/Animations/Quinn/BS_MF_Unarmed_WalkRun.uasset" 946
"C:/UE5CompleteProjects/EOS_TPP_Test/Content/Characters/Mannequins/Animations/Quinn/BS_MF_Unarmed_WalkRun.uexp" 947
"C:/UE5CompleteProjects/EOS_TPP_Test/Content/Characters/Mannequins/Animations/Quinn/MF_Idle.uasset" 948
"C:/UE5CompleteProjects/EOS_TPP_Test/Content/Characters/Mannequins/Animations/Quinn/MF_Idle.uexp" 949
"C:/UE5CompleteProjects/EOS_TPP_Test/Content/Characters/Mannequins/Animations/Manny/MM_Fall_Loop.uasset" 950
"C:/UE5CompleteProjects/EOS_TPP_Test/Content/Characters/Mannequins/Animations/Manny/MM_Fall_Loop.uexp" 951
"C:/UE5CompleteProjects/EOS_TPP_Test/Content/Characters/Mannequins/Animations/Manny/MM_Jump.uasset" 952
"C:/UE5CompleteProjects/EOS_TPP_Test/Content/Characters/Mannequins/Animations/Manny/MM_Jump.uexp" 953
"C:/UE5CompleteProjects/EOS_TPP_Test/Content/Characters/Mannequins/Rigs/CR_Mannequin_BasicFootIK.uasset" 954
"C:/UE5CompleteProjects/EOS_TPP_Test/Content/Characters/Mannequins/Rigs/CR_Mannequin_BasicFootIK.uexp" 955
"C:/UE5CompleteProjects/EOS_TPP_Test/Content/Characters/Mannequins/Animations/Manny/MM_Run_Fwd.uasset" 956
"C:/UE5CompleteProjects/EOS_TPP_Test/Content/Characters/Mannequins/Animations/Manny/MM_Run_Fwd.uexp" 957
"C:/UE5CompleteProjects/EOS_TPP_Test/Content/Characters/Mannequins/Animations/Manny/MM_Walk_Fwd.uasset" 958
"C:/UE5CompleteProjects/EOS_TPP_Test/Content/Characters/Mannequins/Animations/Manny/MM_Walk_Fwd.uexp" 959
"C:/UE5CompleteProjects/EOS_TPP_Test/Content/Characters/Mannequins/Animations/Manny/BS_MM_WalkRun.uasset" 960
"C:/UE5CompleteProjects/EOS_TPP_Test/Content/Characters/Mannequins/Animations/Manny/BS_MM_WalkRun.uexp" 961
"C:/UE5CompleteProjects/EOS_TPP_Test/Content/Characters/Mannequins/Animations/Manny/MM_Land.uasset" 962
"C:/UE5CompleteProjects/EOS_TPP_Test/Content/Characters/Mannequins/Animations/Manny/MM_Land.uexp" 963
"C:/UE5CompleteProjects/EOS_TPP_Test/Content/Characters/Mannequins/Animations/Manny/MM_Idle.uasset" 964
"C:/UE5CompleteProjects/EOS_TPP_Test/Content/Characters/Mannequins/Animations/Manny/MM_Idle.uexp" 965
"C:/UE5CompleteProjects/EOS_TPP_Test/Content/Characters/Mannequins/Animations/ABP_Manny.uasset" 966
"C:/UE5CompleteProjects/EOS_TPP_Test/Content/Characters/Mannequins/Animations/ABP_Manny.uexp" 967
"C:/UE5CompleteProjects/EOS_TPP_Test/Content/Characters/Mannequins/Animations/ABP_Quinn.uasset" 968
"C:/UE5CompleteProjects/EOS_TPP_Test/Content/Characters/Mannequins/Animations/ABP_Quinn.uexp" 969
"C:/UE5CompleteProjects/EOS_TPP_Test/Content/ThirdPerson/Blueprints/BP_ThirdPersonCharacter.uasset" 970
"C:/UE5CompleteProjects/EOS_TPP_Test/Content/ThirdPerson/Blueprints/BP_ThirdPersonCharacter.uexp" 971
"C:/UE5CompleteProjects/EOS_TPP_Test/Plugins/MultiplayerSessions/Content/WBP_Menu.uasset" 972
"C:/UE5CompleteProjects/EOS_TPP_Test/Plugins/MultiplayerSessions/Content/WBP_Menu.uexp" 973
"../../../Engine/Content/Maps/Entry_BuiltData.uasset" 974
"../../../Engine/Content/Maps/Entry_BuiltData.uexp" 975
"../../../Engine/Content/Maps/Entry.uexp" 976
"../../../Engine/Content/Maps/Entry.umap" 977
"../../../Engine/Content/Maps/Templates/HLODs/HLODLayer_Instanced.uasset" 978
"../../../Engine/Content/Maps/Templates/HLODs/HLODLayer_Instanced.uexp" 979
"C:/UE5CompleteProjects/EOS_TPP_Test/Content/Maps/Lobby.uexp" 980
"C:/UE5CompleteProjects/EOS_TPP_Test/Content/Maps/Lobby.umap" 981
"C:/UE5CompleteProjects/EOS_TPP_Test/Plugins/MultiplayerSessions/Content/WBP_Menux.uasset" 982
"C:/UE5CompleteProjects/EOS_TPP_Test/Plugins/MultiplayerSessions/Content/WBP_Menux.uexp" 983
"C:/UE5CompleteProjects/EOS_TPP_Test/Content/Maps/GameStartupMap.uexp" 984
"C:/UE5CompleteProjects/EOS_TPP_Test/Content/Maps/GameStartupMap.umap" 985
"C:/UE5CompleteProjects/EOS_TPP_Test/Content/ThirdPerson/Maps/ThirdPersonMap.uexp" 986
"C:/UE5CompleteProjects/EOS_TPP_Test/Content/ThirdPerson/Maps/ThirdPersonMap.umap" 987
